>> Writing PID to tmp/pids/thin.3001.pid
>> Using rack adapter
>> Thin web server (v1.3.1 codename Triple Espresso)
>> Maximum connections set to 1024
>> Listening on 0.0.0.0:3001, CTRL+C to stop
>> Exiting!
>> Writing PID to tmp/pids/thin.3001.pid
>> Using rack adapter
>> Thin web server (v1.3.1 codename Triple Espresso)
>> Maximum connections set to 1024
>> Listening on 0.0.0.0:3001, CTRL+C to stop
>> Exiting!
>> Writing PID to tmp/pids/thin.3001.pid
>> Using rack adapter
>> Thin web server (v1.3.1 codename Triple Espresso)
>> Maximum connections set to 1024
>> Listening on 0.0.0.0:3001, CTRL+C to stop
>> Exiting!
>> Writing PID to tmp/pids/thin.3001.pid
>> Using rack adapter
>> Stopping ...
>> Thin web server (v1.3.1 codename Triple Espresso)
>> Maximum connections set to 1024
>> Listening on 0.0.0.0:3001, CTRL+C to stop
>> Writing PID to tmp/pids/thin.3001.pid
>> Using rack adapter
>> Thin web server (v1.3.1 codename Triple Espresso)
>> Maximum connections set to 1024
>> Listening on 0.0.0.0:3001, CTRL+C to stop
cache: [GET /popup] miss
cache: [GET /assets/jquery_new-4af59b8fdbe25ff5f3068b7d94f18d92.js] fresh
cache: [GET /assets/exp/jquery-52a53a1b4f3508952fede47bd520c8a3.timeago] fresh
>> Exiting!
>> Writing PID to tmp/pids/thin.3001.pid
>> Using rack adapter
>> Thin web server (v1.3.1 codename Triple Espresso)
>> Maximum connections set to 1024
>> Listening on 0.0.0.0:3001, CTRL+C to stop
>> Exiting!
>> Writing PID to tmp/pids/thin.3001.pid
>> Using rack adapter
>> Thin web server (v1.3.1 codename Triple Espresso)
>> Maximum connections set to 1024
>> Listening on 0.0.0.0:3001, CTRL+C to stop
cache: [GET /] miss
cache: [GET /assets/application-45cf13ecd9ba2e7d4e1e9d855d40202b.js] fresh
cache: [GET /popup] miss
cache: [GET /assets/exp/reset-a60172f6c920af972ab1504526af1791.css] fresh
cache: [GET /assets/exp/jquery-52a53a1b4f3508952fede47bd520c8a3.timeago] fresh
cache: [GET /assets/exp/vpop-8dc9cf8a3a9683340cf4bee72183e733.js] fresh
cache: [GET /popup] miss
cache: [GET /assets/application-8b9fea7d39d4dd878126a94442a7d75c.css] fresh
cache: [GET /assets/application-45cf13ecd9ba2e7d4e1e9d855d40202b.js] fresh
cache: [GET /popup] miss
cache: [GET /assets/exp/popup-b367de5eae7fd8c729e7c62e67569ffa.css] fresh
cache: [GET /assets/functions-cc9d172acd6ac941f0f3a57ae8a9d45b.js] fresh
cache: [GET /assets/exp/jquery-52a53a1b4f3508952fede47bd520c8a3.timeago] fresh
cache: [GET /] miss
cache: [GET /] miss
cache: [GET /] miss
cache: [GET /popup] miss
cache: [GET /] miss
cache: [GET /assets/application-45cf13ecd9ba2e7d4e1e9d855d40202b.js] fresh
cache: [GET /assets/exp/reset-a60172f6c920af972ab1504526af1791.css] fresh
cache: [GET /assets/exp/popup-b367de5eae7fd8c729e7c62e67569ffa.css] fresh
cache: [GET /assets/functions-cc9d172acd6ac941f0f3a57ae8a9d45b.js] fresh
cache: [GET /assets/exp/jquery-52a53a1b4f3508952fede47bd520c8a3.timeago] fresh
cache: [GET /popup] miss
cache: [GET /assets/exp/popup-b367de5eae7fd8c729e7c62e67569ffa.css] fresh
cache: [GET /assets/functions-cc9d172acd6ac941f0f3a57ae8a9d45b.js] fresh
cache: [GET /assets/exp/jquery-52a53a1b4f3508952fede47bd520c8a3.timeago] fresh
cache: [GET /admin] miss
cache: [GET /admin] miss
cache: [POST /users/sign_in] invalidate, pass
cache: [GET /admin] miss
cache: [GET /users/sign_in] miss
cache: [POST /users/sign_in] invalidate, pass
cache: [GET /admin/post] miss
cache: [GET /admin] miss
cache: [GET /popup] miss
cache: [GET /assets/exp/reset-a60172f6c920af972ab1504526af1791.css] fresh
cache: [GET /assets/jquery_new-4af59b8fdbe25ff5f3068b7d94f18d92.js] fresh
cache: [GET /assets/exp/vpop-8dc9cf8a3a9683340cf4bee72183e733.js] fresh
cache: [GET /assets/exp/faye-browser-min-648dbd2fb1a5dcbf6d4f4725579c450c.js] fresh
cache: [GET /assets/application-45cf13ecd9ba2e7d4e1e9d855d40202b.js] fresh
cache: [GET /popup] miss
cache: [GET /assets/exp/popup-b367de5eae7fd8c729e7c62e67569ffa.css] fresh
cache: [GET /assets/functions-cc9d172acd6ac941f0f3a57ae8a9d45b.js] fresh
cache: [GET /assets/exp/jquery-52a53a1b4f3508952fede47bd520c8a3.timeago] fresh
cache: [GET /admin/post] miss
cache: [GET /assets/application-45cf13ecd9ba2e7d4e1e9d855d40202b.js] fresh
cache: [GET /assets/application-8b9fea7d39d4dd878126a94442a7d75c.css] fresh
cache: [GET /admin] miss
cache: [GET /assets/exp/popup-b367de5eae7fd8c729e7c62e67569ffa.css] fresh
cache: [GET /assets/functions-cc9d172acd6ac941f0f3a57ae8a9d45b.js] fresh
cache: [GET /assets/exp/jquery-52a53a1b4f3508952fede47bd520c8a3.timeago] fresh
cache: [GET /assets/exp/faye-browser-min-648dbd2fb1a5dcbf6d4f4725579c450c.js] fresh
cache: [GET /assets/application-45cf13ecd9ba2e7d4e1e9d855d40202b.js] fresh
cache: [GET /popup] miss
cache: [GET /assets/exp/popup-b367de5eae7fd8c729e7c62e67569ffa.css] fresh
cache: [GET /assets/functions-cc9d172acd6ac941f0f3a57ae8a9d45b.js] fresh
cache: [GET /assets/exp/jquery-52a53a1b4f3508952fede47bd520c8a3.timeago] fresh
cache: [GET /assets/exp/reset-a60172f6c920af972ab1504526af1791.css] fresh
cache: [GET /assets/exp/popup-b367de5eae7fd8c729e7c62e67569ffa.css] fresh
cache: [GET /assets/functions-cc9d172acd6ac941f0f3a57ae8a9d45b.js] fresh
cache: [GET /assets/exp/jquery-52a53a1b4f3508952fede47bd520c8a3.timeago] fresh
cache: [GET /popup] miss
>> Exiting!
>> Writing PID to tmp/pids/thin.3001.pid
>> Using rack adapter
>> Thin web server (v1.3.1 codename Triple Espresso)
>> Maximum connections set to 1024
>> Listening on 0.0.0.0:3001, CTRL+C to stop
cache: [GET /assets/exp/reset-a60172f6c920af972ab1504526af1791.css] miss
cache: [GET /assets/functions-cc9d172acd6ac941f0f3a57ae8a9d45b.js] miss
cache: [GET /assets/exp/faye-browser-min-648dbd2fb1a5dcbf6d4f4725579c450c.js] miss
cache: [GET /assets/exp/popup-b367de5eae7fd8c729e7c62e67569ffa.css] miss
cache: [GET /assets/exp/vpop-07f75467caceb4d849e2533c0c8b364b.js] fresh
cache: [GET /popup] miss
cache: [GET /assets/jquery_new-4af59b8fdbe25ff5f3068b7d94f18d92.js] miss
cache: [GET /assets/exp/jquery-52a53a1b4f3508952fede47bd520c8a3.timeago] miss
cache: [GET /assets/exp/reset-a60172f6c920af972ab1504526af1791.css] miss
cache: [GET /assets/functions-cc9d172acd6ac941f0f3a57ae8a9d45b.js] miss
cache: [GET /assets/exp/faye-browser-min-648dbd2fb1a5dcbf6d4f4725579c450c.js] miss
>> Exiting!
>> Writing PID to tmp/pids/thin.3001.pid
>> Using rack adapter
>> Thin web server (v1.3.1 codename Triple Espresso)
>> Maximum connections set to 1024
>> Listening on 0.0.0.0:3001, CTRL+C to stop
>> Exiting!
>> Writing PID to tmp/pids/thin.3001.pid
>> Using rack adapter
>> Thin web server (v1.3.1 codename Triple Espresso)
>> Maximum connections set to 1024
>> Listening on 0.0.0.0:3001, CTRL+C to stop
>> Exiting!
>> Writing PID to tmp/pids/thin.3001.pid
>> Using rack adapter
>> Thin web server (v1.3.1 codename Triple Espresso)
>> Maximum connections set to 1024
>> Listening on 0.0.0.0:3001, CTRL+C to stop
>> Exiting!
>> Writing PID to tmp/pids/thin.3001.pid
>> Using rack adapter
>> Thin web server (v1.3.1 codename Triple Espresso)
>> Maximum connections set to 1024
>> Listening on 0.0.0.0:3001, CTRL+C to stop
>> Exiting!
>> Writing PID to tmp/pids/thin.3001.pid
>> Using rack adapter
>> Thin web server (v1.3.1 codename Triple Espresso)
>> Maximum connections set to 1024
>> Listening on 0.0.0.0:3001, CTRL+C to stop
>> Exiting!
>> Writing PID to tmp/pids/thin.3001.pid
>> Using rack adapter
>> Thin web server (v1.3.1 codename Triple Espresso)
>> Maximum connections set to 1024
>> Listening on 0.0.0.0:3001, CTRL+C to stop
cache: [GET /admin] miss
cache: [GET /assets/exp/reset-a60172f6c920af972ab1504526af1791.css] miss
cache: [GET /assets/functions-cc9d172acd6ac941f0f3a57ae8a9d45b.js] miss
cache: [GET /assets/exp/jquery-3d275122bdf5344e32f7e866346b184d.tooltip] miss, store
cache: [GET /admin] miss
cache: [POST /admin/post] invalidate, pass
cache: [GET /assets/exp/reset-a60172f6c920af972ab1504526af1791.css] miss, store
cache: [GET /assets/functions-cc9d172acd6ac941f0f3a57ae8a9d45b.js] miss, store
cache: [GET /assets/exp/jquery-3d275122bdf5344e32f7e866346b184d.tooltip] fresh
cache: [GET /popup] miss
cache: [GET /assets/exp/jquery-118244a8f93225c4cd424727dd61992b.timeago] fresh
cache: [GET /admin/post] miss
cache: [GET /assets/exp/reset-a60172f6c920af972ab1504526af1791.css] fresh
cache: [GET /assets/functions-cc9d172acd6ac941f0f3a57ae8a9d45b.js] fresh
cache: [GET /assets/exp/jquery-3d275122bdf5344e32f7e866346b184d.tooltip] fresh
cache: [GET /admin/post] miss
cache: [GET /admin/usrs/new] miss
cache: [GET /popup] miss
cache: [GET /admin] miss
cache: [GET /assets/exp/popup-afe7b8c69572ad7c3ee1d57c8bf2c8e0.css] fresh
cache: [GET /assets/exp/jquery-3d275122bdf5344e32f7e866346b184d.tooltip] fresh
cache: [GET /admin] miss
cache: [GET /popup] miss
cache: [GET /assets/jquery_new-4af59b8fdbe25ff5f3068b7d94f18d92.js] fresh
cache: [GET /assets/exp/jquery-118244a8f93225c4cd424727dd61992b.timeago] fresh
cache: [GET /assets/exp/faye-browser-min-648dbd2fb1a5dcbf6d4f4725579c450c.js] fresh
cache: [GET /admin/feeds] miss
cache: [GET /popup] miss
cache: [GET /assets/exp/reset-a60172f6c920af972ab1504526af1791.css] fresh
cache: [GET /assets/functions-cc9d172acd6ac941f0f3a57ae8a9d45b.js] fresh
cache: [GET /assets/exp/jquery-3d275122bdf5344e32f7e866346b184d.tooltip] fresh
cache: [GET /popup] miss
cache: [GET /assets/jquery_new-4af59b8fdbe25ff5f3068b7d94f18d92.js] fresh
cache: [GET /assets/exp/strftime-d55e5c49a27ef3ba12b9cd3e3578a042.js] fresh
cache: [GET /assets/functions-cc9d172acd6ac941f0f3a57ae8a9d45b.js] fresh
cache: [GET /] miss
cache: [GET /assets/jquery_new-4af59b8fdbe25ff5f3068b7d94f18d92.js] fresh
cache: [GET /admin] miss
cache: [GET /assets/exp/reset-a60172f6c920af972ab1504526af1791.css] fresh
cache: [GET /admin] miss
cache: [GET /assets/exp/popup-afe7b8c69572ad7c3ee1d57c8bf2c8e0.css] fresh
cache: [GET /assets/exp/vpop-c283817e81a7c4edcd570995bb4881dc.js] fresh
cache: [GET /assets/exp/strftime-d55e5c49a27ef3ba12b9cd3e3578a042.js] fresh
cache: [GET /popup] miss
cache: [GET /assets/jquery_new-4af59b8fdbe25ff5f3068b7d94f18d92.js] fresh
cache: [GET /assets/exp/jquery-118244a8f93225c4cd424727dd61992b.timeago] fresh
cache: [GET /assets/exp/faye-browser-min-648dbd2fb1a5dcbf6d4f4725579c450c.js] fresh
cache: [GET /admin] miss
cache: [GET /assets/exp/popup-afe7b8c69572ad7c3ee1d57c8bf2c8e0.css] fresh
cache: [GET /assets/exp/vpop-c283817e81a7c4edcd570995bb4881dc.js] fresh
cache: [GET /assets/exp/strftime-d55e5c49a27ef3ba12b9cd3e3578a042.js] fresh
cache: [GET /assets/exp/reset-a60172f6c920af972ab1504526af1791.css] fresh
cache: [GET /assets/functions-cc9d172acd6ac941f0f3a57ae8a9d45b.js] fresh
cache: [GET /assets/exp/jquery-3d275122bdf5344e32f7e866346b184d.tooltip] fresh
cache: [GET /admin] miss
cache: [GET /admin] miss
cache: [GET /admin/post] miss
cache: [GET /popup] miss
cache: [GET /assets/jquery_new-4af59b8fdbe25ff5f3068b7d94f18d92.js] fresh
cache: [GET /assets/exp/jquery-118244a8f93225c4cd424727dd61992b.timeago] fresh
cache: [GET /assets/exp/faye-browser-min-648dbd2fb1a5dcbf6d4f4725579c450c.js] fresh
cache: [GET /admin] miss
cache: [GET /admin] miss
cache: [GET /] miss
cache: [GET /assets/exp/reset-a60172f6c920af972ab1504526af1791.css] fresh
cache: [GET /assets/functions-cc9d172acd6ac941f0f3a57ae8a9d45b.js] fresh
cache: [GET /assets/exp/jquery-3d275122bdf5344e32f7e866346b184d.tooltip] fresh
cache: [GET /popup] miss
cache: [GET /admin] miss
cache: [GET /assets/exp/faye-browser-min.js] miss, store
cache: [GET /assets/jquery_ujs.js] miss, store
cache: [GET /assets/jquery_new.js] miss, store
cache: [GET /assets/exp/vpop.js] miss, store
cache: [GET //index.php] miss
cache: [GET //admin/phpmyadmin/index.php] miss
cache: [GET //myadmin/index.php] miss
cache: [GET //typo3/phpmyadmin/index.php] miss
cache: [GET //phpmyadmin/index.php] miss
cache: [GET //web/phpMyAdmin/index.php] miss
cache: [GET //php-my-admin/index.php] miss
cache: [GET //phpMyAdmin/index.php] miss
cache: [GET //phpMyAdmin-2.2.3/index.php] miss
cache: [GET //phpMyAdmin-2.5.4/index.php] miss
cache: [GET //phpMyAdmin-2.5.5/index.php] miss
cache: [GET //phpMyAdmin-2.5.6-rc2/index.php] miss
cache: [GET //phpMyAdmin-2.5.7-pl1/index.php] miss
cache: [GET /assets/exp/jquery-3d275122bdf5344e32f7e866346b184d.tooltip] fresh
cache: [GET /assets/jquery_new-4af59b8fdbe25ff5f3068b7d94f18d92.js] fresh
cache: [GET /assets/exp/jquery-118244a8f93225c4cd424727dd61992b.timeago] fresh
cache: [GET /assets/exp/popup-afe7b8c69572ad7c3ee1d57c8bf2c8e0.css] fresh
cache: [GET /assets/exp/vpop-c283817e81a7c4edcd570995bb4881dc.js] fresh
cache: [GET /popup] miss
cache: [GET /assets/jquery_new-4af59b8fdbe25ff5f3068b7d94f18d92.js] fresh
cache: [GET /assets/exp/strftime-d55e5c49a27ef3ba12b9cd3e3578a042.js] fresh
cache: [GET /assets/exp/faye-browser-min-648dbd2fb1a5dcbf6d4f4725579c450c.js] fresh
cache: [GET /assets/exp/popup-afe7b8c69572ad7c3ee1d57c8bf2c8e0.css] fresh
cache: [GET /popup] miss
cache: [GET /assets/exp/jquery-3d275122bdf5344e32f7e866346b184d.tooltip] fresh
cache: [GET /apple-touch-icon.png] miss
cache: [GET /assets/exp/popup-afe7b8c69572ad7c3ee1d57c8bf2c8e0.css] fresh
cache: [GET /assets/exp/vpop-c283817e81a7c4edcd570995bb4881dc.js] fresh
cache: [GET /assets/exp/strftime-d55e5c49a27ef3ba12b9cd3e3578a042.js] fresh
cache: [GET /] miss
cache: [GET /assets/exp/reset-a60172f6c920af972ab1504526af1791.css] fresh
cache: [GET /assets/functions-cc9d172acd6ac941f0f3a57ae8a9d45b.js] fresh
cache: [GET /assets/exp/jquery-3d275122bdf5344e32f7e866346b184d.tooltip] fresh
cache: [GET /popup] miss
cache: [GET /assets/jquery_new-4af59b8fdbe25ff5f3068b7d94f18d92.js] fresh
cache: [GET /assets/exp/jquery-118244a8f93225c4cd424727dd61992b.timeago] fresh
cache: [GET /assets/exp/faye-browser-min-648dbd2fb1a5dcbf6d4f4725579c450c.js] fresh
cache: [GET /admin] miss
cache: [GET /assets/exp/reset-a60172f6c920af972ab1504526af1791.css] fresh
cache: [GET /assets/jquery_new-4af59b8fdbe25ff5f3068b7d94f18d92.js] fresh
cache: [GET /assets/exp/jquery-3d275122bdf5344e32f7e866346b184d.tooltip] fresh
cache: [GET /] miss
cache: [GET /assets/exp/popup-afe7b8c69572ad7c3ee1d57c8bf2c8e0.css] fresh
cache: [GET /assets/exp/vpop-c283817e81a7c4edcd570995bb4881dc.js] fresh
cache: [GET /assets/exp/strftime-d55e5c49a27ef3ba12b9cd3e3578a042.js] fresh
cache: [GET /popup] miss
cache: [GET /assets/jquery_new-4af59b8fdbe25ff5f3068b7d94f18d92.js] fresh
cache: [GET /assets/exp/jquery-118244a8f93225c4cd424727dd61992b.timeago] fresh
cache: [GET /assets/exp/faye-browser-min-648dbd2fb1a5dcbf6d4f4725579c450c.js] fresh
cache: [GET /] miss
cache: [GET /assets/jquery_new-4af59b8fdbe25ff5f3068b7d94f18d92.js] fresh
cache: [GET /assets/exp/strftime-d55e5c49a27ef3ba12b9cd3e3578a042.js] fresh
cache: [GET /assets/exp/jquery-3d275122bdf5344e32f7e866346b184d.tooltip] fresh
cache: [GET /popup] miss
cache: [GET /assets/jquery_new-4af59b8fdbe25ff5f3068b7d94f18d92.js] fresh
cache: [GET /assets/exp/jquery-118244a8f93225c4cd424727dd61992b.timeago] fresh
cache: [GET /assets/exp/faye-browser-min-648dbd2fb1a5dcbf6d4f4725579c450c.js] fresh
cache: [GET /assets/exp/popup-afe7b8c69572ad7c3ee1d57c8bf2c8e0.css] fresh
cache: [GET /assets/exp/vpop-c283817e81a7c4edcd570995bb4881dc.js] fresh
cache: [GET /assets/exp/strftime-d55e5c49a27ef3ba12b9cd3e3578a042.js] fresh
cache: [GET /popup] miss
cache: [GET /assets/jquery_new-4af59b8fdbe25ff5f3068b7d94f18d92.js] fresh
cache: [GET /assets/exp/jquery-118244a8f93225c4cd424727dd61992b.timeago] fresh
cache: [GET /assets/exp/strftime-d55e5c49a27ef3ba12b9cd3e3578a042.js] fresh
cache: [GET /assets/exp/reset-a60172f6c920af972ab1504526af1791.css] fresh
cache: [GET /assets/functions-cc9d172acd6ac941f0f3a57ae8a9d45b.js] fresh
cache: [GET /assets/exp/strftime-d55e5c49a27ef3ba12b9cd3e3578a042.js] fresh
cache: [GET /admin/post] miss
cache: [GET /popup] miss
cache: [GET /assets/exp/jquery-118244a8f93225c4cd424727dd61992b.timeago] fresh
cache: [GET /assets/jquery_new-4af59b8fdbe25ff5f3068b7d94f18d92.js] fresh
cache: [GET /assets/exp/faye-browser-min-648dbd2fb1a5dcbf6d4f4725579c450c.js] fresh
cache: [GET /admin] miss
cache: [GET /assets/exp/popup-afe7b8c69572ad7c3ee1d57c8bf2c8e0.css] fresh
cache: [GET /assets/exp/vpop-c283817e81a7c4edcd570995bb4881dc.js] fresh
cache: [GET /assets/exp/strftime-d55e5c49a27ef3ba12b9cd3e3578a042.js] fresh
cache: [GET /assets/exp/reset-a60172f6c920af972ab1504526af1791.css] fresh
cache: [GET /assets/functions-cc9d172acd6ac941f0f3a57ae8a9d45b.js] fresh
cache: [GET /assets/exp/jquery-3d275122bdf5344e32f7e866346b184d.tooltip] fresh
cache: [GET /popup] miss
cache: [GET /assets/jquery_new-4af59b8fdbe25ff5f3068b7d94f18d92.js] fresh
cache: [GET /assets/exp/jquery-118244a8f93225c4cd424727dd61992b.timeago] fresh
cache: [GET /assets/exp/faye-browser-min-648dbd2fb1a5dcbf6d4f4725579c450c.js] fresh
cache: [GET /] miss
cache: [GET /assets/exp/popup-afe7b8c69572ad7c3ee1d57c8bf2c8e0.css] fresh
cache: [GET /assets/exp/vpop-c283817e81a7c4edcd570995bb4881dc.js] fresh
cache: [GET /assets/exp/jquery-3d275122bdf5344e32f7e866346b184d.tooltip] fresh
cache: [GET /admin] miss
cache: [GET /] miss
cache: [GET /] miss
cache: [GET /assets/exp/popup-afe7b8c69572ad7c3ee1d57c8bf2c8e0.css] fresh
cache: [GET /assets/exp/vpop-c283817e81a7c4edcd570995bb4881dc.js] fresh
cache: [GET /assets/exp/strftime-d55e5c49a27ef3ba12b9cd3e3578a042.js] fresh
cache: [GET /apple-touch-icon-precomposed.png] miss
cache: [GET /popup] miss
cache: [GET /assets/jquery_new-4af59b8fdbe25ff5f3068b7d94f18d92.js] fresh
cache: [GET /assets/exp/jquery-118244a8f93225c4cd424727dd61992b.timeago] fresh
cache: [GET /assets/exp/faye-browser-min-648dbd2fb1a5dcbf6d4f4725579c450c.js] fresh
cache: [GET /popup] miss
cache: [GET /assets/jquery_new-4af59b8fdbe25ff5f3068b7d94f18d92.js] fresh
cache: [GET /assets/exp/jquery-118244a8f93225c4cd424727dd61992b.timeago] fresh
cache: [GET /assets/exp/faye-browser-min-648dbd2fb1a5dcbf6d4f4725579c450c.js] fresh
cache: [GET /assets/exp/reset-a60172f6c920af972ab1504526af1791.css] fresh
cache: [GET /assets/jquery_new-4af59b8fdbe25ff5f3068b7d94f18d92.js] fresh
cache: [GET /assets/exp/vpop-c283817e81a7c4edcd570995bb4881dc.js] fresh
cache: [GET /popup] miss
cache: [GET /assets/jquery_new-4af59b8fdbe25ff5f3068b7d94f18d92.js] fresh
cache: [GET /assets/exp/jquery-118244a8f93225c4cd424727dd61992b.timeago] fresh
cache: [GET /assets/exp/faye-browser-min-648dbd2fb1a5dcbf6d4f4725579c450c.js] fresh
cache: [GET /] miss
cache: [GET /assets/exp/popup-afe7b8c69572ad7c3ee1d57c8bf2c8e0.css] fresh
cache: [GET /assets/exp/vpop-c283817e81a7c4edcd570995bb4881dc.js] fresh
cache: [GET /assets/exp/strftime-d55e5c49a27ef3ba12b9cd3e3578a042.js] fresh
cache: [GET /popup] miss
cache: [GET /assets/jquery_new-4af59b8fdbe25ff5f3068b7d94f18d92.js] fresh
cache: [GET /assets/functions-cc9d172acd6ac941f0f3a57ae8a9d45b.js] fresh
cache: [GET /assets/exp/faye-browser-min-648dbd2fb1a5dcbf6d4f4725579c450c.js] fresh
cache: [GET /assets/exp/reset-a60172f6c920af972ab1504526af1791.css] fresh
cache: [GET /assets/functions-cc9d172acd6ac941f0f3a57ae8a9d45b.js] fresh
cache: [GET /assets/exp/jquery-3d275122bdf5344e32f7e866346b184d.tooltip] fresh
cache: [GET /apple-touch-icon.png] miss
cache: [GET /assets/exp/popup-afe7b8c69572ad7c3ee1d57c8bf2c8e0.css] fresh
cache: [GET /assets/exp/vpop-c283817e81a7c4edcd570995bb4881dc.js] fresh
cache: [GET /assets/exp/strftime-d55e5c49a27ef3ba12b9cd3e3578a042.js] fresh
cache: [GET /assets/exp/reset-a60172f6c920af972ab1504526af1791.css] fresh
cache: [GET /assets/functions-cc9d172acd6ac941f0f3a57ae8a9d45b.js] fresh
cache: [GET /assets/exp/jquery-3d275122bdf5344e32f7e866346b184d.tooltip] fresh
cache: [GET /] miss
cache: [GET /popup] miss
cache: [GET /assets/exp/vpop-c283817e81a7c4edcd570995bb4881dc.js] fresh
cache: [GET /assets/exp/strftime-d55e5c49a27ef3ba12b9cd3e3578a042.js] fresh
cache: [GET /assets/functions-cc9d172acd6ac941f0f3a57ae8a9d45b.js] fresh
cache: [GET /assets/exp/vpop-c283817e81a7c4edcd570995bb4881dc.js] fresh
cache: [HEAD /] miss
cache: [GET /popup] miss
cache: [GET /assets/jquery_new-4af59b8fdbe25ff5f3068b7d94f18d92.js] fresh
cache: [GET /assets/exp/jquery-118244a8f93225c4cd424727dd61992b.timeago] fresh
cache: [GET /assets/exp/faye-browser-min-648dbd2fb1a5dcbf6d4f4725579c450c.js] fresh
cache: [GET /assets/exp/popup-afe7b8c69572ad7c3ee1d57c8bf2c8e0.css] fresh
cache: [GET /assets/exp/jquery-3d275122bdf5344e32f7e866346b184d.tooltip] fresh
cache: [GET /assets/exp/vpop-c283817e81a7c4edcd570995bb4881dc.js] fresh
cache: [HEAD /] miss
cache: [GET /assets/exp/popup-afe7b8c69572ad7c3ee1d57c8bf2c8e0.css] fresh
cache: [GET /tech] miss
cache: [GET /assets/exp/reset-a60172f6c920af972ab1504526af1791.css] fresh
cache: [GET /assets/functions-cc9d172acd6ac941f0f3a57ae8a9d45b.js] fresh
cache: [GET /assets/exp/jquery-3d275122bdf5344e32f7e866346b184d.tooltip] fresh
cache: [GET /] miss
cache: [GET /assets/functions-cc9d172acd6ac941f0f3a57ae8a9d45b.js] fresh
cache: [GET /assets/exp/popup-afe7b8c69572ad7c3ee1d57c8bf2c8e0.css] fresh
cache: [GET /assets/exp/jquery-3d275122bdf5344e32f7e866346b184d.tooltip] fresh
cache: [GET /] miss
cache: [GET /] miss
cache: [HEAD /] miss
cache: [GET /] miss
cache: [HEAD /] miss
cache: [GET /] miss
cache: [GET /assets/exp/popup-afe7b8c69572ad7c3ee1d57c8bf2c8e0.css] fresh
cache: [GET /assets/exp/vpop-c283817e81a7c4edcd570995bb4881dc.js] fresh
cache: [GET /assets/exp/strftime-d55e5c49a27ef3ba12b9cd3e3578a042.js] fresh
cache: [GET /] miss
cache: [GET /assets/exp/popup-afe7b8c69572ad7c3ee1d57c8bf2c8e0.css] fresh
cache: [GET /assets/exp/vpop-c283817e81a7c4edcd570995bb4881dc.js] fresh
cache: [GET /assets/exp/strftime-d55e5c49a27ef3ba12b9cd3e3578a042.js] fresh
cache: [GET /popup] miss
cache: [GET /] miss
cache: [GET /assets/functions-cc9d172acd6ac941f0f3a57ae8a9d45b.js] fresh
cache: [GET /assets/exp/jquery-118244a8f93225c4cd424727dd61992b.timeago] fresh
cache: [GET /assets/exp/reset-a60172f6c920af972ab1504526af1791.css] fresh
cache: [GET /popup] miss
cache: [GET /assets/jquery_new-4af59b8fdbe25ff5f3068b7d94f18d92.js] fresh
cache: [GET /assets/exp/jquery-118244a8f93225c4cd424727dd61992b.timeago] fresh
cache: [GET /assets/exp/faye-browser-min-648dbd2fb1a5dcbf6d4f4725579c450c.js] fresh
cache: [GET /assets/exp/popup-afe7b8c69572ad7c3ee1d57c8bf2c8e0.css] fresh
cache: [GET /assets/exp/vpop-c283817e81a7c4edcd570995bb4881dc.js] fresh
cache: [GET /assets/exp/strftime-d55e5c49a27ef3ba12b9cd3e3578a042.js] fresh
cache: [GET /] miss
cache: [GET /assets/exp/popup-afe7b8c69572ad7c3ee1d57c8bf2c8e0.css] fresh
cache: [GET /assets/exp/vpop-c283817e81a7c4edcd570995bb4881dc.js] fresh
cache: [GET /assets/exp/strftime-d55e5c49a27ef3ba12b9cd3e3578a042.js] fresh
cache: [GET /assets/exp/reset-a60172f6c920af972ab1504526af1791.css] fresh
cache: [GET /assets/functions-cc9d172acd6ac941f0f3a57ae8a9d45b.js] fresh
cache: [GET /assets/exp/jquery-3d275122bdf5344e32f7e866346b184d.tooltip] fresh
cache: [GET /tech] miss
cache: [HEAD /] miss
cache: [GET /assets/exp/popup-afe7b8c69572ad7c3ee1d57c8bf2c8e0.css] fresh
cache: [GET /assets/exp/vpop-c283817e81a7c4edcd570995bb4881dc.js] fresh
cache: [GET /assets/exp/jquery-3d275122bdf5344e32f7e866346b184d.tooltip] fresh
cache: [GET /tech] miss
cache: [HEAD /tech] miss
cache: [GET /tech] miss
cache: [GET /popup] miss
cache: [GET /assets/functions-cc9d172acd6ac941f0f3a57ae8a9d45b.js] fresh
cache: [GET /assets/exp/vpop-c283817e81a7c4edcd570995bb4881dc.js] fresh
cache: [GET /assets/exp/faye-browser-min-648dbd2fb1a5dcbf6d4f4725579c450c.js] fresh
cache: [HEAD /] miss
cache: [GET /] miss
cache: [GET /popup] miss
cache: [GET /assets/jquery_new-4af59b8fdbe25ff5f3068b7d94f18d92.js] fresh
cache: [GET /assets/exp/jquery-3d275122bdf5344e32f7e866346b184d.tooltip] fresh
cache: [GET /assets/exp/strftime-d55e5c49a27ef3ba12b9cd3e3578a042.js] fresh
cache: [GET /assets/exp/reset-a60172f6c920af972ab1504526af1791.css] fresh
cache: [GET /assets/functions-cc9d172acd6ac941f0f3a57ae8a9d45b.js] fresh
cache: [GET /assets/exp/jquery-3d275122bdf5344e32f7e866346b184d.tooltip] fresh
cache: [GET /tech] miss
cache: [GET /] miss
cache: [GET /tech] miss
cache: [GET /] miss
cache: [GET /assets/exp/popup-afe7b8c69572ad7c3ee1d57c8bf2c8e0.css] fresh
cache: [GET /assets/exp/vpop-c283817e81a7c4edcd570995bb4881dc.js] fresh
cache: [GET /assets/exp/strftime-d55e5c49a27ef3ba12b9cd3e3578a042.js] fresh
cache: [GET /popup] miss
cache: [GET /] miss
cache: [GET /] miss
cache: [GET /assets/exp/reset-a60172f6c920af972ab1504526af1791.css] fresh
cache: [GET /assets/functions-cc9d172acd6ac941f0f3a57ae8a9d45b.js] fresh
cache: [GET /assets/exp/strftime-d55e5c49a27ef3ba12b9cd3e3578a042.js] fresh
cache: [HEAD /] miss
cache: [GET /] miss
cache: [GET /popup] miss
cache: [GET /assets/functions-cc9d172acd6ac941f0f3a57ae8a9d45b.js] fresh
cache: [GET /assets/exp/vpop-c283817e81a7c4edcd570995bb4881dc.js] fresh
cache: [GET /assets/exp/faye-browser-min-648dbd2fb1a5dcbf6d4f4725579c450c.js] fresh
cache: [GET /popup] miss
cache: [GET /assets/functions-cc9d172acd6ac941f0f3a57ae8a9d45b.js] fresh
cache: [GET /assets/exp/reset-a60172f6c920af972ab1504526af1791.css] fresh
cache: [GET /assets/exp/faye-browser-min-648dbd2fb1a5dcbf6d4f4725579c450c.js] fresh
cache: [GET /tech] miss
cache: [GET /apple-touch-icon.png] miss
cache: [GET /] miss
cache: [GET /assets/exp/popup-afe7b8c69572ad7c3ee1d57c8bf2c8e0.css] fresh
cache: [GET /assets/exp/vpop-c283817e81a7c4edcd570995bb4881dc.js] fresh
cache: [GET /assets/exp/faye-browser-min-648dbd2fb1a5dcbf6d4f4725579c450c.js] fresh
cache: [GET /] miss
cache: [GET /] miss
cache: [GET /popup] miss
cache: [GET /] miss
cache: [GET /] miss
cache: [GET /] miss
cache: [GET /] miss
cache: [GET /popup] miss
cache: [GET /] miss
cache: [GET /popup] miss
cache: [GET /assets/jquery_new-4af59b8fdbe25ff5f3068b7d94f18d92.js] fresh
cache: [GET /assets/exp/jquery-118244a8f93225c4cd424727dd61992b.timeago] fresh
cache: [GET /assets/exp/faye-browser-min-648dbd2fb1a5dcbf6d4f4725579c450c.js] fresh
cache: [GET /assets/exp/reset-a60172f6c920af972ab1504526af1791.css] fresh
cache: [GET /assets/functions-cc9d172acd6ac941f0f3a57ae8a9d45b.js] fresh
cache: [GET /assets/exp/jquery-3d275122bdf5344e32f7e866346b184d.tooltip] fresh
cache: [GET /popup] miss
cache: [GET /] miss
cache: [GET /] miss
cache: [GET /] miss
cache: [GET /assets/exp/popup-afe7b8c69572ad7c3ee1d57c8bf2c8e0.css] fresh
cache: [GET /assets/exp/vpop-c283817e81a7c4edcd570995bb4881dc.js] fresh
cache: [GET /assets/exp/strftime-d55e5c49a27ef3ba12b9cd3e3578a042.js] fresh
cache: [GET /] miss
cache: [GET /tech] miss
cache: [GET /] miss
cache: [GET /assets/exp/reset-a60172f6c920af972ab1504526af1791.css] fresh
cache: [GET /assets/functions-cc9d172acd6ac941f0f3a57ae8a9d45b.js] fresh
cache: [GET /assets/exp/jquery-118244a8f93225c4cd424727dd61992b.timeago] fresh
cache: [GET /popup] miss
cache: [GET /assets/exp/reset-a60172f6c920af972ab1504526af1791.css] fresh
cache: [GET /assets/functions-cc9d172acd6ac941f0f3a57ae8a9d45b.js] fresh
cache: [GET /assets/exp/jquery-3d275122bdf5344e32f7e866346b184d.tooltip] fresh
cache: [GET /popup] miss
cache: [GET /assets/exp/reset-a60172f6c920af972ab1504526af1791.css] fresh
cache: [GET /] miss
cache: [GET /popup] miss
cache: [GET /assets/jquery_new-4af59b8fdbe25ff5f3068b7d94f18d92.js] fresh
cache: [GET /assets/exp/jquery-3d275122bdf5344e32f7e866346b184d.tooltip] fresh
cache: [GET /assets/exp/faye-browser-min-648dbd2fb1a5dcbf6d4f4725579c450c.js] fresh
cache: [GET /assets/exp/reset-a60172f6c920af972ab1504526af1791.css] fresh
cache: [GET /assets/jquery_new-4af59b8fdbe25ff5f3068b7d94f18d92.js] fresh
cache: [GET /assets/exp/jquery-3d275122bdf5344e32f7e866346b184d.tooltip] fresh
cache: [GET /assets/exp/strftime-d55e5c49a27ef3ba12b9cd3e3578a042.js] fresh
cache: [GET /popup] miss
cache: [GET /assets/jquery_new-4af59b8fdbe25ff5f3068b7d94f18d92.js] fresh
cache: [GET /assets/exp/jquery-118244a8f93225c4cd424727dd61992b.timeago] fresh
cache: [GET /assets/exp/faye-browser-min-648dbd2fb1a5dcbf6d4f4725579c450c.js] fresh
cache: [GET /admin] miss
cache: [GET /] miss
cache: [GET /admin/usrs] miss
cache: [GET /admin] miss
cache: [GET /] miss
cache: [GET /assets/exp/popup-afe7b8c69572ad7c3ee1d57c8bf2c8e0.css] fresh
cache: [GET /assets/exp/vpop-c283817e81a7c4edcd570995bb4881dc.js] fresh
cache: [GET /assets/exp/strftime-d55e5c49a27ef3ba12b9cd3e3578a042.js] fresh
cache: [GET /] miss
cache: [GET /popup] miss
cache: [GET /assets/jquery_new-4af59b8fdbe25ff5f3068b7d94f18d92.js] fresh
cache: [GET /assets/exp/jquery-118244a8f93225c4cd424727dd61992b.timeago] fresh
cache: [GET /assets/exp/faye-browser-min-648dbd2fb1a5dcbf6d4f4725579c450c.js] fresh
cache: [GET /assets/exp/reset-a60172f6c920af972ab1504526af1791.css] fresh
cache: [GET /assets/exp/faye-browser-min-648dbd2fb1a5dcbf6d4f4725579c450c.js] fresh
cache: [GET /assets/exp/jquery-3d275122bdf5344e32f7e866346b184d.tooltip] fresh
cache: [GET /] miss
cache: [GET /assets/exp/reset-a60172f6c920af972ab1504526af1791.css] fresh
cache: [GET /assets/functions-cc9d172acd6ac941f0f3a57ae8a9d45b.js] fresh
cache: [GET /assets/exp/jquery-3d275122bdf5344e32f7e866346b184d.tooltip] fresh
cache: [GET /popup] miss
cache: [GET /assets/exp/popup-afe7b8c69572ad7c3ee1d57c8bf2c8e0.css] fresh
cache: [GET /assets/exp/vpop-c283817e81a7c4edcd570995bb4881dc.js] fresh
cache: [GET /assets/exp/strftime-d55e5c49a27ef3ba12b9cd3e3578a042.js] fresh
cache: [GET /assets/exp/reset-a60172f6c920af972ab1504526af1791.css] fresh
cache: [GET /assets/jquery_new-4af59b8fdbe25ff5f3068b7d94f18d92.js] fresh
cache: [GET /assets/exp/jquery-3d275122bdf5344e32f7e866346b184d.tooltip] fresh
cache: [GET /] miss
cache: [GET /popup] miss
cache: [GET /assets/functions-cc9d172acd6ac941f0f3a57ae8a9d45b.js] fresh
cache: [GET /assets/exp/jquery-3d275122bdf5344e32f7e866346b184d.tooltip] fresh
cache: [GET /assets/exp/faye-browser-min-648dbd2fb1a5dcbf6d4f4725579c450c.js] fresh
cache: [GET /] miss
cache: [GET /assets/exp/popup-afe7b8c69572ad7c3ee1d57c8bf2c8e0.css] fresh
cache: [GET /assets/exp/faye-browser-min-648dbd2fb1a5dcbf6d4f4725579c450c.js] fresh
cache: [GET /assets/jquery_new-4af59b8fdbe25ff5f3068b7d94f18d92.js] fresh
cache: [GET /popup] miss
cache: [GET /assets/exp/faye-browser-min-648dbd2fb1a5dcbf6d4f4725579c450c.js] fresh
cache: [GET /assets/exp/jquery-118244a8f93225c4cd424727dd61992b.timeago] fresh
cache: [GET /assets/exp/reset-a60172f6c920af972ab1504526af1791.css] fresh
cache: [GET /assets/functions-cc9d172acd6ac941f0f3a57ae8a9d45b.js] fresh
cache: [GET /assets/exp/jquery-118244a8f93225c4cd424727dd61992b.timeago] fresh
cache: [GET /] miss
cache: [GET /assets/exp/popup-afe7b8c69572ad7c3ee1d57c8bf2c8e0.css] fresh
cache: [GET /assets/exp/vpop-c283817e81a7c4edcd570995bb4881dc.js] fresh
cache: [GET /assets/exp/jquery-3d275122bdf5344e32f7e866346b184d.tooltip] fresh
cache: [GET /] miss
cache: [GET /assets/exp/popup-afe7b8c69572ad7c3ee1d57c8bf2c8e0.css] fresh
cache: [GET /assets/exp/vpop-c283817e81a7c4edcd570995bb4881dc.js] fresh
cache: [GET /assets/exp/strftime-d55e5c49a27ef3ba12b9cd3e3578a042.js] fresh
cache: [GET /assets/exp/reset-a60172f6c920af972ab1504526af1791.css] fresh
cache: [GET /assets/functions-cc9d172acd6ac941f0f3a57ae8a9d45b.js] fresh
cache: [GET /assets/exp/jquery-3d275122bdf5344e32f7e866346b184d.tooltip] fresh
cache: [GET /popup] miss
cache: [GET /assets/exp/popup-afe7b8c69572ad7c3ee1d57c8bf2c8e0.css] fresh
cache: [GET /popup] miss
cache: [GET /assets/exp/popup-afe7b8c69572ad7c3ee1d57c8bf2c8e0.css] fresh
cache: [GET /assets/exp/vpop-c283817e81a7c4edcd570995bb4881dc.js] fresh
cache: [GET /assets/exp/jquery-3d275122bdf5344e32f7e866346b184d.tooltip] fresh
cache: [GET /popup] miss
cache: [GET /assets/exp/popup-afe7b8c69572ad7c3ee1d57c8bf2c8e0.css] fresh
cache: [GET /assets/exp/vpop-c283817e81a7c4edcd570995bb4881dc.js] fresh
cache: [GET /assets/exp/strftime-d55e5c49a27ef3ba12b9cd3e3578a042.js] fresh
cache: [GET /] miss
cache: [GET /admin] miss
cache: [GET /assets/exp/reset-a60172f6c920af972ab1504526af1791.css] fresh
cache: [GET /assets/functions-cc9d172acd6ac941f0f3a57ae8a9d45b.js] fresh
cache: [GET /assets/exp/strftime-d55e5c49a27ef3ba12b9cd3e3578a042.js] fresh
cache: [GET /admin/feeds] miss
cache: [GET /popup] miss
cache: [GET /assets/jquery_new-4af59b8fdbe25ff5f3068b7d94f18d92.js] fresh
cache: [GET /assets/exp/vpop-c283817e81a7c4edcd570995bb4881dc.js] fresh
cache: [GET /assets/exp/faye-browser-min-648dbd2fb1a5dcbf6d4f4725579c450c.js] fresh
cache: [GET /popup] miss
cache: [GET /assets/functions-cc9d172acd6ac941f0f3a57ae8a9d45b.js] fresh
cache: [GET /assets/exp/jquery-118244a8f93225c4cd424727dd61992b.timeago] fresh
cache: [GET /assets/exp/faye-browser-min-648dbd2fb1a5dcbf6d4f4725579c450c.js] fresh
cache: [GET /assets/exp/popup-afe7b8c69572ad7c3ee1d57c8bf2c8e0.css] fresh
cache: [GET /assets/exp/vpop-c283817e81a7c4edcd570995bb4881dc.js] fresh
cache: [GET /assets/exp/strftime-d55e5c49a27ef3ba12b9cd3e3578a042.js] fresh
cache: [GET /] miss
cache: [GET /popup] miss
cache: [GET /assets/jquery_new-4af59b8fdbe25ff5f3068b7d94f18d92.js] fresh
cache: [GET /assets/exp/jquery-118244a8f93225c4cd424727dd61992b.timeago] fresh
cache: [GET /assets/exp/faye-browser-min-648dbd2fb1a5dcbf6d4f4725579c450c.js] fresh
cache: [GET /popup] miss
cache: [GET /assets/functions-cc9d172acd6ac941f0f3a57ae8a9d45b.js] fresh
cache: [GET /assets/exp/jquery-118244a8f93225c4cd424727dd61992b.timeago] fresh
cache: [GET /assets/exp/faye-browser-min-648dbd2fb1a5dcbf6d4f4725579c450c.js] fresh
cache: [GET /popup] miss
cache: [GET /assets/jquery_new-4af59b8fdbe25ff5f3068b7d94f18d92.js] fresh
cache: [GET /assets/exp/jquery-3d275122bdf5344e32f7e866346b184d.tooltip] fresh
cache: [GET /assets/exp/faye-browser-min-648dbd2fb1a5dcbf6d4f4725579c450c.js] fresh
cache: [GET /assets/exp/reset-a60172f6c920af972ab1504526af1791.css] fresh
cache: [GET /assets/functions-cc9d172acd6ac941f0f3a57ae8a9d45b.js] fresh
cache: [GET /assets/exp/jquery-3d275122bdf5344e32f7e866346b184d.tooltip] fresh
cache: [HEAD /popup] miss
cache: [GET /assets/exp/popup-afe7b8c69572ad7c3ee1d57c8bf2c8e0.css] fresh
cache: [GET /assets/exp/vpop-c283817e81a7c4edcd570995bb4881dc.js] fresh
cache: [GET /assets/exp/strftime-d55e5c49a27ef3ba12b9cd3e3578a042.js] fresh
cache: [GET /assets/exp/reset-a60172f6c920af972ab1504526af1791.css] fresh
cache: [GET /assets/functions-cc9d172acd6ac941f0f3a57ae8a9d45b.js] fresh
cache: [GET /assets/exp/jquery-3d275122bdf5344e32f7e866346b184d.tooltip] fresh
cache: [GET /popup] miss
cache: [GET /assets/jquery_new-4af59b8fdbe25ff5f3068b7d94f18d92.js] fresh
cache: [GET /assets/exp/jquery-118244a8f93225c4cd424727dd61992b.timeago] fresh
cache: [GET /assets/exp/faye-browser-min-648dbd2fb1a5dcbf6d4f4725579c450c.js] fresh
cache: [GET /assets/exp/reset-a60172f6c920af972ab1504526af1791.css] fresh
cache: [GET /assets/functions-cc9d172acd6ac941f0f3a57ae8a9d45b.js] fresh
cache: [GET /assets/exp/jquery-3d275122bdf5344e32f7e866346b184d.tooltip] fresh
cache: [GET /admin] miss
cache: [GET /popup] miss
cache: [GET /assets/exp/popup-afe7b8c69572ad7c3ee1d57c8bf2c8e0.css] fresh
cache: [GET /assets/functions-cc9d172acd6ac941f0f3a57ae8a9d45b.js] fresh
cache: [GET /assets/exp/jquery-118244a8f93225c4cd424727dd61992b.timeago] fresh
cache: [GET /] miss
cache: [GET /assets/exp/popup-afe7b8c69572ad7c3ee1d57c8bf2c8e0.css] fresh
cache: [GET /assets/exp/vpop-c283817e81a7c4edcd570995bb4881dc.js] fresh
cache: [GET /assets/exp/jquery-118244a8f93225c4cd424727dd61992b.timeago] fresh
cache: [GET /popup] miss
cache: [GET /] miss
cache: [GET /assets/exp/vpop-c283817e81a7c4edcd570995bb4881dc.js] fresh
cache: [GET /assets/exp/strftime-d55e5c49a27ef3ba12b9cd3e3578a042.js] fresh
cache: [GET /] miss
cache: [GET /assets/exp/popup-afe7b8c69572ad7c3ee1d57c8bf2c8e0.css] fresh
cache: [GET /assets/functions-cc9d172acd6ac941f0f3a57ae8a9d45b.js] fresh
cache: [GET /assets/exp/jquery-3d275122bdf5344e32f7e866346b184d.tooltip] fresh
cache: [GET /assets/exp/popup-afe7b8c69572ad7c3ee1d57c8bf2c8e0.css] fresh
cache: [GET /assets/jquery_new-4af59b8fdbe25ff5f3068b7d94f18d92.js] fresh
cache: [GET /assets/exp/strftime-d55e5c49a27ef3ba12b9cd3e3578a042.js] fresh
cache: [GET /] miss
cache: [GET /popup] miss
cache: [GET /assets/exp/reset-a60172f6c920af972ab1504526af1791.css] fresh
cache: [GET /assets/functions-cc9d172acd6ac941f0f3a57ae8a9d45b.js] fresh
cache: [GET /assets/exp/jquery-3d275122bdf5344e32f7e866346b184d.tooltip] fresh
cache: [GET /] miss
cache: [GET /assets/exp/popup-afe7b8c69572ad7c3ee1d57c8bf2c8e0.css] fresh
cache: [GET /assets/exp/vpop-c283817e81a7c4edcd570995bb4881dc.js] fresh
cache: [GET /assets/exp/strftime-d55e5c49a27ef3ba12b9cd3e3578a042.js] fresh
cache: [GET /popup] miss
cache: [GET /assets/jquery_new-4af59b8fdbe25ff5f3068b7d94f18d92.js] fresh
cache: [GET /assets/exp/jquery-118244a8f93225c4cd424727dd61992b.timeago] fresh
cache: [GET /assets/exp/faye-browser-min-648dbd2fb1a5dcbf6d4f4725579c450c.js] fresh
cache: [GET /assets/exp/reset-a60172f6c920af972ab1504526af1791.css] fresh
cache: [GET /assets/functions-cc9d172acd6ac941f0f3a57ae8a9d45b.js] fresh
cache: [GET /assets/exp/jquery-3d275122bdf5344e32f7e866346b184d.tooltip] fresh
cache: [GET /] miss
cache: [GET /assets/exp/popup-afe7b8c69572ad7c3ee1d57c8bf2c8e0.css] fresh
cache: [GET /assets/exp/vpop-c283817e81a7c4edcd570995bb4881dc.js] fresh
cache: [GET /assets/exp/strftime-d55e5c49a27ef3ba12b9cd3e3578a042.js] fresh
cache: [GET /popup] miss
cache: [GET /assets/jquery_new-4af59b8fdbe25ff5f3068b7d94f18d92.js] fresh
cache: [GET /assets/exp/jquery-118244a8f93225c4cd424727dd61992b.timeago] fresh
cache: [GET /assets/exp/faye-browser-min-648dbd2fb1a5dcbf6d4f4725579c450c.js] fresh
cache: [GET /popup] miss
cache: [GET /] miss
cache: [GET /popup] miss
cache: [GET /assets/jquery_new-4af59b8fdbe25ff5f3068b7d94f18d92.js] fresh
cache: [GET /assets/exp/jquery-118244a8f93225c4cd424727dd61992b.timeago] fresh
cache: [GET /assets/exp/faye-browser-min-648dbd2fb1a5dcbf6d4f4725579c450c.js] fresh
cache: [GET /assets/exp/reset-a60172f6c920af972ab1504526af1791.css] fresh
cache: [GET /assets/functions-cc9d172acd6ac941f0f3a57ae8a9d45b.js] fresh
cache: [GET /assets/exp/jquery-3d275122bdf5344e32f7e866346b184d.tooltip] fresh
cache: [GET /] miss
cache: [GET /assets/exp/reset-a60172f6c920af972ab1504526af1791.css] fresh
cache: [GET /assets/functions-cc9d172acd6ac941f0f3a57ae8a9d45b.js] fresh
cache: [GET /assets/exp/jquery-3d275122bdf5344e32f7e866346b184d.tooltip] fresh
cache: [GET /tech] miss
cache: [GET /popup] miss
cache: [GET /assets/jquery_new-4af59b8fdbe25ff5f3068b7d94f18d92.js] fresh
cache: [GET /assets/exp/jquery-118244a8f93225c4cd424727dd61992b.timeago] fresh
cache: [GET /assets/exp/faye-browser-min-648dbd2fb1a5dcbf6d4f4725579c450c.js] fresh
cache: [GET /assets/exp/popup-afe7b8c69572ad7c3ee1d57c8bf2c8e0.css] fresh
cache: [GET /assets/exp/vpop-c283817e81a7c4edcd570995bb4881dc.js] fresh
cache: [GET /assets/exp/strftime-d55e5c49a27ef3ba12b9cd3e3578a042.js] fresh
cache: [GET /assets/exp/reset-a60172f6c920af972ab1504526af1791.css] fresh
cache: [GET /assets/functions-cc9d172acd6ac941f0f3a57ae8a9d45b.js] fresh
cache: [GET /assets/exp/jquery-3d275122bdf5344e32f7e866346b184d.tooltip] fresh
cache: [GET /tech] miss
cache: [GET /tech] miss
cache: [GET /assets/exp/popup-afe7b8c69572ad7c3ee1d57c8bf2c8e0.css] fresh
cache: [GET /assets/exp/vpop-c283817e81a7c4edcd570995bb4881dc.js] fresh
cache: [GET /assets/exp/strftime-d55e5c49a27ef3ba12b9cd3e3578a042.js] fresh
cache: [GET /] miss
cache: [GET /assets/exp/reset-a60172f6c920af972ab1504526af1791.css] fresh
cache: [GET /assets/exp/vpop-c283817e81a7c4edcd570995bb4881dc.js] fresh
cache: [GET /assets/exp/strftime-d55e5c49a27ef3ba12b9cd3e3578a042.js] fresh
cache: [GET /popup] miss
cache: [GET /popup] miss
cache: [GET /assets/jquery_new-4af59b8fdbe25ff5f3068b7d94f18d92.js] fresh
cache: [GET /assets/functions-cc9d172acd6ac941f0f3a57ae8a9d45b.js] fresh
cache: [GET /assets/exp/faye-browser-min-648dbd2fb1a5dcbf6d4f4725579c450c.js] fresh
cache: [GET /] miss
cache: [GET /] miss
cache: [GET /popup] miss
cache: [GET /assets/jquery_new-4af59b8fdbe25ff5f3068b7d94f18d92.js] fresh
cache: [GET /assets/exp/jquery-118244a8f93225c4cd424727dd61992b.timeago] fresh
cache: [GET /assets/exp/faye-browser-min-648dbd2fb1a5dcbf6d4f4725579c450c.js] fresh
cache: [GET /assets/exp/reset-a60172f6c920af972ab1504526af1791.css] fresh
cache: [GET /assets/functions-cc9d172acd6ac941f0f3a57ae8a9d45b.js] fresh
cache: [GET /assets/exp/strftime-d55e5c49a27ef3ba12b9cd3e3578a042.js] fresh
cache: [GET /] miss
cache: [GET /assets/exp/reset-a60172f6c920af972ab1504526af1791.css] fresh
cache: [GET /assets/jquery_new-4af59b8fdbe25ff5f3068b7d94f18d92.js] fresh
cache: [GET /assets/exp/strftime-d55e5c49a27ef3ba12b9cd3e3578a042.js] fresh
cache: [GET /assets/jquery_new-4af59b8fdbe25ff5f3068b7d94f18d92.js] fresh
cache: [GET /assets/functions-cc9d172acd6ac941f0f3a57ae8a9d45b.js] fresh
cache: [GET /assets/exp/faye-browser-min-648dbd2fb1a5dcbf6d4f4725579c450c.js] fresh
cache: [GET /assets/exp/faye-browser-min-648dbd2fb1a5dcbf6d4f4725579c450c.js] fresh
cache: [GET /assets/exp/popup-afe7b8c69572ad7c3ee1d57c8bf2c8e0.css] fresh
cache: [GET /assets/exp/jquery-118244a8f93225c4cd424727dd61992b.timeago] fresh
cache: [GET /assets/exp/faye-browser-min-648dbd2fb1a5dcbf6d4f4725579c450c.js] fresh
cache: [GET /] miss
cache: [GET /assets/exp/jquery-3d275122bdf5344e32f7e866346b184d.tooltip] fresh
cache: [GET /assets/exp/popup-afe7b8c69572ad7c3ee1d57c8bf2c8e0.css] fresh
cache: [GET /assets/exp/strftime-d55e5c49a27ef3ba12b9cd3e3578a042.js] fresh
cache: [GET /] miss
cache: [GET /assets/exp/reset-a60172f6c920af972ab1504526af1791.css] fresh
cache: [GET /assets/jquery_new-4af59b8fdbe25ff5f3068b7d94f18d92.js] fresh
cache: [GET /assets/exp/jquery-118244a8f93225c4cd424727dd61992b.timeago] fresh
cache: [GET /popup] miss
cache: [GET /assets/jquery_new-4af59b8fdbe25ff5f3068b7d94f18d92.js] fresh
cache: [GET /assets/exp/jquery-3d275122bdf5344e32f7e866346b184d.tooltip] fresh
cache: [GET /assets/exp/faye-browser-min-648dbd2fb1a5dcbf6d4f4725579c450c.js] fresh
cache: [GET /assets/exp/popup-afe7b8c69572ad7c3ee1d57c8bf2c8e0.css] fresh
cache: [GET /assets/exp/vpop-c283817e81a7c4edcd570995bb4881dc.js] fresh
cache: [GET /assets/exp/strftime-d55e5c49a27ef3ba12b9cd3e3578a042.js] fresh
cache: [GET /popup] miss
cache: [GET /assets/jquery_new-4af59b8fdbe25ff5f3068b7d94f18d92.js] fresh
cache: [GET /assets/exp/jquery-118244a8f93225c4cd424727dd61992b.timeago] fresh
cache: [GET /assets/exp/faye-browser-min-648dbd2fb1a5dcbf6d4f4725579c450c.js] fresh
cache: [GET /assets/exp/reset-a60172f6c920af972ab1504526af1791.css] fresh
cache: [GET /assets/functions-cc9d172acd6ac941f0f3a57ae8a9d45b.js] fresh
cache: [GET /assets/exp/jquery-3d275122bdf5344e32f7e866346b184d.tooltip] fresh
cache: [GET /admin] miss
cache: [GET /popup] miss
cache: [GET /assets/exp/vpop-c283817e81a7c4edcd570995bb4881dc.js] fresh
cache: [GET /assets/exp/jquery-3d275122bdf5344e32f7e866346b184d.tooltip] fresh
cache: [GET /assets/exp/faye-browser-min-648dbd2fb1a5dcbf6d4f4725579c450c.js] fresh
cache: [GET /admin] miss
cache: [GET /assets/exp/reset-a60172f6c920af972ab1504526af1791.css] fresh
cache: [GET /assets/functions-cc9d172acd6ac941f0f3a57ae8a9d45b.js] fresh
cache: [GET /assets/exp/jquery-3d275122bdf5344e32f7e866346b184d.tooltip] fresh
cache: [GET /] miss
cache: [GET /assets/exp/reset-a60172f6c920af972ab1504526af1791.css] fresh
cache: [GET /assets/functions-cc9d172acd6ac941f0f3a57ae8a9d45b.js] fresh
cache: [GET /assets/exp/vpop-c283817e81a7c4edcd570995bb4881dc.js] fresh
cache: [GET /tech] miss
cache: [GET /assets/exp/reset-a60172f6c920af972ab1504526af1791.css] fresh
cache: [GET /assets/functions-cc9d172acd6ac941f0f3a57ae8a9d45b.js] fresh
cache: [GET /assets/exp/jquery-3d275122bdf5344e32f7e866346b184d.tooltip] fresh
cache: [GET /] miss
cache: [GET /assets/exp/popup-afe7b8c69572ad7c3ee1d57c8bf2c8e0.css] fresh
cache: [GET /assets/exp/vpop-c283817e81a7c4edcd570995bb4881dc.js] fresh
cache: [GET /assets/exp/strftime-d55e5c49a27ef3ba12b9cd3e3578a042.js] fresh
cache: [GET /] miss
cache: [GET /popup] miss
cache: [GET /assets/jquery_new-4af59b8fdbe25ff5f3068b7d94f18d92.js] fresh
cache: [GET /assets/exp/jquery-118244a8f93225c4cd424727dd61992b.timeago] fresh
cache: [GET /assets/exp/faye-browser-min-648dbd2fb1a5dcbf6d4f4725579c450c.js] fresh
cache: [GET /assets/exp/reset-a60172f6c920af972ab1504526af1791.css] fresh
cache: [GET /assets/functions-cc9d172acd6ac941f0f3a57ae8a9d45b.js] fresh
cache: [GET /assets/exp/vpop-c283817e81a7c4edcd570995bb4881dc.js] fresh
cache: [GET /] miss
cache: [GET /popup] miss
cache: [GET /assets/exp/jquery-3d275122bdf5344e32f7e866346b184d.tooltip] fresh
cache: [GET /assets/exp/faye-browser-min-648dbd2fb1a5dcbf6d4f4725579c450c.js] fresh
cache: [GET /assets/jquery_new-4af59b8fdbe25ff5f3068b7d94f18d92.js] fresh
cache: [GET /] miss
>> Exiting!
>> Writing PID to tmp/pids/thin.3001.pid
>> Using rack adapter
>> Thin web server (v1.3.1 codename Triple Espresso)
>> Maximum connections set to 1024
>> Listening on 0.0.0.0:3001, CTRL+C to stop
cache: [GET /] miss
cache: [GET /popup] miss
cache: [GET /assets/exp/strftime-d55e5c49a27ef3ba12b9cd3e3578a042.js] fresh
cache: [GET /assets/exp/faye-browser-min-648dbd2fb1a5dcbf6d4f4725579c450c.js] fresh
cache: [GET /assets/exp/popup-afe7b8c69572ad7c3ee1d57c8bf2c8e0.css] fresh
cache: [GET /] miss
cache: [GET /assets/exp/reset-a60172f6c920af972ab1504526af1791.css] fresh
cache: [GET /assets/jquery_new-4af59b8fdbe25ff5f3068b7d94f18d92.js] fresh
cache: [GET /assets/functions-cc9d172acd6ac941f0f3a57ae8a9d45b.js] fresh
cache: [GET /] miss
cache: [GET /assets/exp/vpop-c283817e81a7c4edcd570995bb4881dc.js] fresh
cache: [GET /assets/jquery_new-4af59b8fdbe25ff5f3068b7d94f18d92.js] fresh
cache: [GET /popup] miss
cache: [GET /assets/jquery_new-4af59b8fdbe25ff5f3068b7d94f18d92.js] fresh
cache: [GET /assets/exp/jquery-118244a8f93225c4cd424727dd61992b.timeago] fresh
cache: [GET /assets/exp/faye-browser-min-648dbd2fb1a5dcbf6d4f4725579c450c.js] fresh
cache: [GET /] miss
cache: [GET /assets/exp/popup-afe7b8c69572ad7c3ee1d57c8bf2c8e0.css] fresh
cache: [GET /assets/exp/vpop-c283817e81a7c4edcd570995bb4881dc.js] fresh
cache: [GET /assets/exp/strftime-d55e5c49a27ef3ba12b9cd3e3578a042.js] fresh
cache: [GET /tech] miss
cache: [GET /assets/exp/popup-afe7b8c69572ad7c3ee1d57c8bf2c8e0.css] fresh
cache: [GET /assets/exp/vpop-c283817e81a7c4edcd570995bb4881dc.js] fresh
cache: [GET /assets/exp/strftime-d55e5c49a27ef3ba12b9cd3e3578a042.js] fresh
cache: [GET /admin] miss
cache: [GET /assets/exp/reset-a60172f6c920af972ab1504526af1791.css] fresh
cache: [GET /assets/functions-cc9d172acd6ac941f0f3a57ae8a9d45b.js] fresh
cache: [GET /assets/exp/jquery-3d275122bdf5344e32f7e866346b184d.tooltip] fresh
cache: [GET /] miss
cache: [GET /assets/exp/popup-afe7b8c69572ad7c3ee1d57c8bf2c8e0.css] fresh
cache: [GET /assets/exp/jquery-3d275122bdf5344e32f7e866346b184d.tooltip] fresh
cache: [GET /assets/exp/faye-browser-min-648dbd2fb1a5dcbf6d4f4725579c450c.js] fresh
cache: [GET /] miss
cache: [GET /popup] miss
cache: [GET /assets/functions-cc9d172acd6ac941f0f3a57ae8a9d45b.js] fresh
cache: [GET /assets/exp/jquery-3d275122bdf5344e32f7e866346b184d.tooltip] fresh
cache: [GET /assets/exp/strftime-d55e5c49a27ef3ba12b9cd3e3578a042.js] fresh
cache: [GET /] miss
cache: [GET /assets/exp/popup-afe7b8c69572ad7c3ee1d57c8bf2c8e0.css] fresh
cache: [GET /assets/functions-cc9d172acd6ac941f0f3a57ae8a9d45b.js] fresh
cache: [GET /assets/exp/jquery-3d275122bdf5344e32f7e866346b184d.tooltip] fresh
cache: [GET /] miss
cache: [GET /assets/exp/popup-afe7b8c69572ad7c3ee1d57c8bf2c8e0.css] fresh
cache: [GET /assets/exp/vpop-c283817e81a7c4edcd570995bb4881dc.js] fresh
cache: [GET /assets/exp/strftime-d55e5c49a27ef3ba12b9cd3e3578a042.js] fresh
cache: [GET /] miss
cache: [GET /] miss
cache: [GET /assets/exp/reset-a60172f6c920af972ab1504526af1791.css] fresh
cache: [GET /assets/exp/vpop-c283817e81a7c4edcd570995bb4881dc.js] fresh
cache: [GET /assets/exp/jquery-118244a8f93225c4cd424727dd61992b.timeago] fresh
cache: [GET /] miss
cache: [GET /assets/exp/popup-afe7b8c69572ad7c3ee1d57c8bf2c8e0.css] fresh
cache: [GET /assets/functions-cc9d172acd6ac941f0f3a57ae8a9d45b.js] fresh
cache: [GET /assets/exp/vpop-c283817e81a7c4edcd570995bb4881dc.js] fresh
cache: [GET /] miss
cache: [GET /popup] miss
cache: [GET /assets/jquery_new-4af59b8fdbe25ff5f3068b7d94f18d92.js] fresh
cache: [GET /assets/exp/jquery-118244a8f93225c4cd424727dd61992b.timeago] fresh
cache: [GET /assets/exp/faye-browser-min-648dbd2fb1a5dcbf6d4f4725579c450c.js] fresh
cache: [GET /assets/exp/popup-afe7b8c69572ad7c3ee1d57c8bf2c8e0.css] fresh
cache: [GET /assets/exp/vpop-c283817e81a7c4edcd570995bb4881dc.js] fresh
cache: [GET /assets/exp/strftime-d55e5c49a27ef3ba12b9cd3e3578a042.js] fresh
cache: [GET /] miss
cache: [GET /] miss
cache: [GET /assets/exp/reset-a60172f6c920af972ab1504526af1791.css] fresh
cache: [GET /assets/functions-cc9d172acd6ac941f0f3a57ae8a9d45b.js] fresh
cache: [GET /assets/exp/jquery-3d275122bdf5344e32f7e866346b184d.tooltip] fresh
cache: [GET /] miss
cache: [GET /assets/exp/popup-afe7b8c69572ad7c3ee1d57c8bf2c8e0.css] fresh
cache: [GET /assets/exp/jquery-3d275122bdf5344e32f7e866346b184d.tooltip] fresh
cache: [GET /assets/exp/strftime-d55e5c49a27ef3ba12b9cd3e3578a042.js] fresh
cache: [GET /] miss
cache: [GET /assets/exp/popup-afe7b8c69572ad7c3ee1d57c8bf2c8e0.css] fresh
cache: [GET /assets/exp/vpop-c283817e81a7c4edcd570995bb4881dc.js] fresh
cache: [GET /assets/exp/strftime-d55e5c49a27ef3ba12b9cd3e3578a042.js] fresh
cache: [GET /popup] miss
cache: [GET /assets/exp/jquery-3d275122bdf5344e32f7e866346b184d.tooltip] fresh
cache: [GET /assets/exp/faye-browser-min-648dbd2fb1a5dcbf6d4f4725579c450c.js] fresh
cache: [GET /assets/jquery_new-4af59b8fdbe25ff5f3068b7d94f18d92.js] fresh
cache: [GET /assets/exp/reset-a60172f6c920af972ab1504526af1791.css] fresh
cache: [GET /assets/functions-cc9d172acd6ac941f0f3a57ae8a9d45b.js] fresh
cache: [GET /assets/exp/jquery-3d275122bdf5344e32f7e866346b184d.tooltip] fresh
cache: [GET /] miss
cache: [GET /assets/exp/reset-a60172f6c920af972ab1504526af1791.css] fresh
cache: [GET /assets/exp/jquery-118244a8f93225c4cd424727dd61992b.timeago] fresh
cache: [GET /assets/exp/jquery-3d275122bdf5344e32f7e866346b184d.tooltip] fresh
cache: [GET /] miss
cache: [GET /assets/exp/reset-a60172f6c920af972ab1504526af1791.css] fresh
cache: [GET /assets/jquery_new-4af59b8fdbe25ff5f3068b7d94f18d92.js] fresh
cache: [GET /assets/exp/jquery-118244a8f93225c4cd424727dd61992b.timeago] fresh
cache: [GET /assets/exp/reset-a60172f6c920af972ab1504526af1791.css] fresh
cache: [GET /assets/exp/popup-afe7b8c69572ad7c3ee1d57c8bf2c8e0.css] fresh
cache: [GET /assets/exp/jquery-118244a8f93225c4cd424727dd61992b.timeago] fresh
cache: [GET /admin] miss
cache: [GET /assets/exp/reset-a60172f6c920af972ab1504526af1791.css] fresh
cache: [GET /assets/exp/vpop-c283817e81a7c4edcd570995bb4881dc.js] fresh
cache: [GET /assets/exp/jquery-3d275122bdf5344e32f7e866346b184d.tooltip] fresh
cache: [GET /assets/exp/faye-browser-min-648dbd2fb1a5dcbf6d4f4725579c450c.js] fresh
cache: [GET /assets/exp/reset-a60172f6c920af972ab1504526af1791.css] fresh
cache: [GET /assets/functions-cc9d172acd6ac941f0f3a57ae8a9d45b.js] fresh
cache: [GET /assets/exp/jquery-3d275122bdf5344e32f7e866346b184d.tooltip] fresh
cache: [GET /admin] miss
cache: [GET /popup] miss
cache: [GET /assets/jquery_new-4af59b8fdbe25ff5f3068b7d94f18d92.js] fresh
cache: [GET /assets/exp/jquery-3d275122bdf5344e32f7e866346b184d.tooltip] fresh
cache: [GET /assets/exp/faye-browser-min-648dbd2fb1a5dcbf6d4f4725579c450c.js] fresh
cache: [GET /popup] miss
cache: [GET /assets/functions-cc9d172acd6ac941f0f3a57ae8a9d45b.js] fresh
cache: [GET /assets/exp/jquery-3d275122bdf5344e32f7e866346b184d.tooltip] fresh
cache: [GET /assets/exp/reset-a60172f6c920af972ab1504526af1791.css] fresh
cache: [GET /popup] miss
cache: [GET /assets/functions-cc9d172acd6ac941f0f3a57ae8a9d45b.js] fresh
cache: [GET /assets/exp/jquery-3d275122bdf5344e32f7e866346b184d.tooltip] fresh
cache: [GET /assets/exp/faye-browser-min-648dbd2fb1a5dcbf6d4f4725579c450c.js] fresh
cache: [GET /assets/exp/reset-a60172f6c920af972ab1504526af1791.css] fresh
cache: [GET /assets/functions-cc9d172acd6ac941f0f3a57ae8a9d45b.js] fresh
cache: [GET /assets/exp/jquery-3d275122bdf5344e32f7e866346b184d.tooltip] fresh
cache: [GET /] miss
cache: [GET /assets/exp/popup-afe7b8c69572ad7c3ee1d57c8bf2c8e0.css] fresh
cache: [GET /assets/exp/vpop-c283817e81a7c4edcd570995bb4881dc.js] fresh
cache: [GET /assets/exp/strftime-d55e5c49a27ef3ba12b9cd3e3578a042.js] fresh
cache: [GET /] miss
cache: [GET /assets/exp/reset-a60172f6c920af972ab1504526af1791.css] fresh
cache: [GET /assets/jquery_new-4af59b8fdbe25ff5f3068b7d94f18d92.js] fresh
cache: [GET /assets/exp/jquery-3d275122bdf5344e32f7e866346b184d.tooltip] fresh
cache: [GET /] miss
cache: [GET /assets/exp/popup-afe7b8c69572ad7c3ee1d57c8bf2c8e0.css] fresh
cache: [GET /assets/functions-cc9d172acd6ac941f0f3a57ae8a9d45b.js] fresh
cache: [GET /assets/exp/strftime-d55e5c49a27ef3ba12b9cd3e3578a042.js] fresh
cache: [GET /popup] miss
cache: [GET /assets/jquery_new-4af59b8fdbe25ff5f3068b7d94f18d92.js] fresh
cache: [GET /assets/exp/jquery-118244a8f93225c4cd424727dd61992b.timeago] fresh
cache: [GET /assets/exp/faye-browser-min-648dbd2fb1a5dcbf6d4f4725579c450c.js] fresh
cache: [GET /assets/exp/reset-a60172f6c920af972ab1504526af1791.css] fresh
cache: [GET /assets/exp/vpop-c283817e81a7c4edcd570995bb4881dc.js] fresh
cache: [GET /assets/exp/strftime-d55e5c49a27ef3ba12b9cd3e3578a042.js] fresh
cache: [GET /assets/exp/faye-browser-min-648dbd2fb1a5dcbf6d4f4725579c450c.js] fresh
cache: [GET /assets/exp/reset-a60172f6c920af972ab1504526af1791.css] fresh
cache: [GET /assets/functions-cc9d172acd6ac941f0f3a57ae8a9d45b.js] fresh
cache: [GET /assets/exp/jquery-118244a8f93225c4cd424727dd61992b.timeago] fresh
cache: [GET /] miss
cache: [GET /assets/exp/popup-afe7b8c69572ad7c3ee1d57c8bf2c8e0.css] fresh
cache: [GET /assets/exp/vpop-c283817e81a7c4edcd570995bb4881dc.js] fresh
cache: [GET /assets/exp/strftime-d55e5c49a27ef3ba12b9cd3e3578a042.js] fresh
cache: [GET /popup] miss
cache: [GET /assets/jquery_new-4af59b8fdbe25ff5f3068b7d94f18d92.js] fresh
cache: [GET /assets/functions-cc9d172acd6ac941f0f3a57ae8a9d45b.js] fresh
cache: [GET /assets/exp/strftime-d55e5c49a27ef3ba12b9cd3e3578a042.js] fresh
cache: [GET /] miss
cache: [GET /assets/exp/popup-afe7b8c69572ad7c3ee1d57c8bf2c8e0.css] fresh
cache: [GET /assets/exp/vpop-c283817e81a7c4edcd570995bb4881dc.js] fresh
cache: [GET /assets/exp/strftime-d55e5c49a27ef3ba12b9cd3e3578a042.js] fresh
cache: [GET /popup] miss
cache: [GET /assets/functions-cc9d172acd6ac941f0f3a57ae8a9d45b.js] fresh
cache: [GET /assets/exp/jquery-3d275122bdf5344e32f7e866346b184d.tooltip] fresh
cache: [GET /assets/exp/faye-browser-min-648dbd2fb1a5dcbf6d4f4725579c450c.js] fresh
cache: [GET /assets/exp/reset-a60172f6c920af972ab1504526af1791.css] fresh
cache: [GET /assets/functions-cc9d172acd6ac941f0f3a57ae8a9d45b.js] fresh
cache: [GET /assets/exp/jquery-3d275122bdf5344e32f7e866346b184d.tooltip] fresh
cache: [GET /popup] miss
cache: [GET /assets/exp/reset-a60172f6c920af972ab1504526af1791.css] fresh
cache: [GET /assets/exp/vpop-c283817e81a7c4edcd570995bb4881dc.js] fresh
cache: [GET /assets/exp/jquery-118244a8f93225c4cd424727dd61992b.timeago] fresh
cache: [GET /] miss
cache: [GET /assets/exp/popup-afe7b8c69572ad7c3ee1d57c8bf2c8e0.css] fresh
cache: [GET /assets/exp/vpop-c283817e81a7c4edcd570995bb4881dc.js] fresh
cache: [GET /assets/exp/strftime-d55e5c49a27ef3ba12b9cd3e3578a042.js] fresh
cache: [GET /img/glyphicons-halflings-white.png] miss
cache: [GET /] miss
cache: [GET /assets/exp/popup-afe7b8c69572ad7c3ee1d57c8bf2c8e0.css] fresh
cache: [GET /assets/exp/vpop-c283817e81a7c4edcd570995bb4881dc.js] fresh
cache: [GET /assets/exp/strftime-d55e5c49a27ef3ba12b9cd3e3578a042.js] fresh
cache: [GET /] miss
cache: [GET /assets/exp/reset-a60172f6c920af972ab1504526af1791.css] fresh
cache: [GET /assets/functions-cc9d172acd6ac941f0f3a57ae8a9d45b.js] fresh
cache: [GET /assets/exp/jquery-3d275122bdf5344e32f7e866346b184d.tooltip] fresh
cache: [GET /assets/exp/vpop-c283817e81a7c4edcd570995bb4881dc.js] fresh
cache: [GET /assets/exp/strftime-d55e5c49a27ef3ba12b9cd3e3578a042.js] fresh
cache: [GET /] miss
cache: [GET /assets/exp/popup-afe7b8c69572ad7c3ee1d57c8bf2c8e0.css] fresh
cache: [GET /assets/exp/vpop-c283817e81a7c4edcd570995bb4881dc.js] fresh
cache: [GET /assets/exp/strftime-d55e5c49a27ef3ba12b9cd3e3578a042.js] fresh
cache: [GET /] miss
cache: [GET /popup] miss
cache: [GET /assets/jquery_new-4af59b8fdbe25ff5f3068b7d94f18d92.js] fresh
cache: [GET /assets/exp/vpop-c283817e81a7c4edcd570995bb4881dc.js] fresh
cache: [GET /assets/exp/faye-browser-min-648dbd2fb1a5dcbf6d4f4725579c450c.js] fresh
cache: [GET /] miss
cache: [GET /assets/exp/popup-afe7b8c69572ad7c3ee1d57c8bf2c8e0.css] fresh
cache: [GET /assets/exp/vpop-c283817e81a7c4edcd570995bb4881dc.js] fresh
cache: [GET /assets/exp/strftime-d55e5c49a27ef3ba12b9cd3e3578a042.js] fresh
cache: [GET /] miss
cache: [GET /assets/exp/popup-afe7b8c69572ad7c3ee1d57c8bf2c8e0.css] fresh
cache: [GET /assets/exp/vpop-c283817e81a7c4edcd570995bb4881dc.js] fresh
cache: [GET /assets/exp/strftime-d55e5c49a27ef3ba12b9cd3e3578a042.js] fresh
cache: [GET /] miss
cache: [GET /assets/exp/reset-a60172f6c920af972ab1504526af1791.css] fresh
cache: [GET /assets/functions-cc9d172acd6ac941f0f3a57ae8a9d45b.js] fresh
cache: [GET /assets/exp/strftime-d55e5c49a27ef3ba12b9cd3e3578a042.js] fresh
cache: [GET /] miss
cache: [GET /assets/exp/popup-afe7b8c69572ad7c3ee1d57c8bf2c8e0.css] fresh
cache: [GET /assets/exp/jquery-118244a8f93225c4cd424727dd61992b.timeago] fresh
cache: [GET /assets/exp/faye-browser-min-648dbd2fb1a5dcbf6d4f4725579c450c.js] fresh
cache: [GET /assets/exp/reset-a60172f6c920af972ab1504526af1791.css] fresh
cache: [GET /assets/functions-cc9d172acd6ac941f0f3a57ae8a9d45b.js] fresh
cache: [GET /assets/exp/jquery-3d275122bdf5344e32f7e866346b184d.tooltip] fresh
cache: [GET /] miss
cache: [GET /assets/exp/popup-afe7b8c69572ad7c3ee1d57c8bf2c8e0.css] fresh
cache: [GET /assets/exp/vpop-c283817e81a7c4edcd570995bb4881dc.js] fresh
cache: [GET /popup] miss
cache: [GET /popup] miss
cache: [GET /assets/exp/reset-a60172f6c920af972ab1504526af1791.css] fresh
cache: [GET /assets/functions-cc9d172acd6ac941f0f3a57ae8a9d45b.js] fresh
cache: [GET /assets/exp/jquery-118244a8f93225c4cd424727dd61992b.timeago] fresh
cache: [GET /] miss
cache: [GET /assets/exp/reset-a60172f6c920af972ab1504526af1791.css] fresh
cache: [GET /assets/functions-cc9d172acd6ac941f0f3a57ae8a9d45b.js] fresh
cache: [GET /assets/exp/jquery-3d275122bdf5344e32f7e866346b184d.tooltip] fresh
cache: [GET /popup] miss
cache: [GET /assets/exp/reset-a60172f6c920af972ab1504526af1791.css] fresh
cache: [GET /assets/functions-cc9d172acd6ac941f0f3a57ae8a9d45b.js] fresh
cache: [GET /assets/exp/jquery-3d275122bdf5344e32f7e866346b184d.tooltip] fresh
cache: [GET /] miss
cache: [GET /] miss
cache: [GET /assets/exp/popup-afe7b8c69572ad7c3ee1d57c8bf2c8e0.css] fresh
cache: [GET /assets/exp/vpop-c283817e81a7c4edcd570995bb4881dc.js] fresh
cache: [GET /assets/exp/strftime-d55e5c49a27ef3ba12b9cd3e3578a042.js] fresh
cache: [GET /] miss
cache: [GET /assets/exp/popup-afe7b8c69572ad7c3ee1d57c8bf2c8e0.css] fresh
cache: [GET /assets/exp/vpop-c283817e81a7c4edcd570995bb4881dc.js] fresh
cache: [GET /assets/exp/strftime-d55e5c49a27ef3ba12b9cd3e3578a042.js] fresh
cache: [GET /] miss
cache: [GET /assets/exp/popup-afe7b8c69572ad7c3ee1d57c8bf2c8e0.css] fresh
cache: [GET /assets/exp/vpop-c283817e81a7c4edcd570995bb4881dc.js] fresh
cache: [GET /assets/exp/strftime-d55e5c49a27ef3ba12b9cd3e3578a042.js] fresh
cache: [GET /] miss
cache: [GET /] miss
cache: [GET /assets/exp/popup-afe7b8c69572ad7c3ee1d57c8bf2c8e0.css] fresh
cache: [GET /assets/exp/vpop-c283817e81a7c4edcd570995bb4881dc.js] fresh
cache: [GET /assets/exp/strftime-d55e5c49a27ef3ba12b9cd3e3578a042.js] fresh
cache: [GET /assets/exp/reset-a60172f6c920af972ab1504526af1791.css] fresh
cache: [GET /assets/jquery_new-4af59b8fdbe25ff5f3068b7d94f18d92.js] fresh
cache: [GET /assets/exp/jquery-3d275122bdf5344e32f7e866346b184d.tooltip] fresh
cache: [GET /popup] miss
cache: [GET /assets/jquery_new-4af59b8fdbe25ff5f3068b7d94f18d92.js] fresh
cache: [GET /assets/functions-cc9d172acd6ac941f0f3a57ae8a9d45b.js] fresh
cache: [GET /assets/exp/faye-browser-min-648dbd2fb1a5dcbf6d4f4725579c450c.js] fresh
cache: [GET /tech] miss
cache: [GET /assets/exp/reset-a60172f6c920af972ab1504526af1791.css] fresh
cache: [GET /assets/jquery_new-4af59b8fdbe25ff5f3068b7d94f18d92.js] fresh
cache: [GET /assets/exp/jquery-3d275122bdf5344e32f7e866346b184d.tooltip] fresh
cache: [GET /] miss
cache: [GET /assets/exp/jquery-118244a8f93225c4cd424727dd61992b.timeago] fresh
cache: [GET /assets/exp/faye-browser-min-648dbd2fb1a5dcbf6d4f4725579c450c.js] fresh
cache: [GET /assets/functions-cc9d172acd6ac941f0f3a57ae8a9d45b.js] fresh
cache: [GET /users/sign_in] miss
cache: [GET /popup] miss
cache: [GET /assets/jquery_new-4af59b8fdbe25ff5f3068b7d94f18d92.js] fresh
cache: [GET /assets/exp/jquery-118244a8f93225c4cd424727dd61992b.timeago] fresh
cache: [GET /assets/exp/faye-browser-min-648dbd2fb1a5dcbf6d4f4725579c450c.js] fresh
cache: [GET /img/glyphicons-halflings-white.png] miss
cache: [GET /assets/exp/popup-afe7b8c69572ad7c3ee1d57c8bf2c8e0.css] fresh
cache: [GET /assets/exp/vpop-c283817e81a7c4edcd570995bb4881dc.js] fresh
cache: [GET /assets/exp/strftime-d55e5c49a27ef3ba12b9cd3e3578a042.js] fresh
cache: [GET /popup] miss
cache: [GET /popup] miss
cache: [GET /assets/exp/reset-a60172f6c920af972ab1504526af1791.css] fresh
cache: [GET /assets/functions-cc9d172acd6ac941f0f3a57ae8a9d45b.js] fresh
cache: [GET /assets/exp/jquery-118244a8f93225c4cd424727dd61992b.timeago] fresh
cache: [HEAD /] miss
cache: [GET /assets/exp/reset-a60172f6c920af972ab1504526af1791.css] fresh
cache: [GET /assets/functions-cc9d172acd6ac941f0f3a57ae8a9d45b.js] fresh
cache: [GET /assets/exp/jquery-3d275122bdf5344e32f7e866346b184d.tooltip] fresh
cache: [GET /] miss
cache: [GET /assets/exp/reset-a60172f6c920af972ab1504526af1791.css] fresh
cache: [GET /assets/exp/jquery-3d275122bdf5344e32f7e866346b184d.tooltip] fresh
cache: [GET /assets/exp/jquery-118244a8f93225c4cd424727dd61992b.timeago] fresh
cache: [GET /assets/exp/faye-browser-min-648dbd2fb1a5dcbf6d4f4725579c450c.js] fresh
cache: [GET /assets/jquery_new-4af59b8fdbe25ff5f3068b7d94f18d92.js] fresh
cache: [GET /assets/exp/popup-afe7b8c69572ad7c3ee1d57c8bf2c8e0.css] fresh
cache: [GET /assets/functions-cc9d172acd6ac941f0f3a57ae8a9d45b.js] fresh
cache: [GET /assets/exp/jquery-3d275122bdf5344e32f7e866346b184d.tooltip] fresh
cache: [GET /] miss
cache: [GET /assets/exp/reset-a60172f6c920af972ab1504526af1791.css] fresh
cache: [GET /assets/functions-cc9d172acd6ac941f0f3a57ae8a9d45b.js] fresh
cache: [GET /assets/exp/jquery-3d275122bdf5344e32f7e866346b184d.tooltip] fresh
cache: [GET /] miss
cache: [GET /assets/exp/reset-a60172f6c920af972ab1504526af1791.css] fresh
cache: [GET /assets/functions-cc9d172acd6ac941f0f3a57ae8a9d45b.js] fresh
cache: [GET /assets/exp/jquery-3d275122bdf5344e32f7e866346b184d.tooltip] fresh
cache: [GET /] miss
cache: [GET /assets/exp/popup-afe7b8c69572ad7c3ee1d57c8bf2c8e0.css] fresh
cache: [GET /assets/jquery_new-4af59b8fdbe25ff5f3068b7d94f18d92.js] fresh
cache: [GET /assets/exp/strftime-d55e5c49a27ef3ba12b9cd3e3578a042.js] fresh
cache: [HEAD /popup] miss
cache: [GET /assets/exp/popup-afe7b8c69572ad7c3ee1d57c8bf2c8e0.css] fresh
cache: [GET /assets/exp/jquery-3d275122bdf5344e32f7e866346b184d.tooltip] fresh
cache: [GET /assets/exp/strftime-d55e5c49a27ef3ba12b9cd3e3578a042.js] fresh
cache: [GET /] miss
cache: [GET /assets/exp/popup-afe7b8c69572ad7c3ee1d57c8bf2c8e0.css] fresh
cache: [GET /assets/exp/jquery-118244a8f93225c4cd424727dd61992b.timeago] fresh
cache: [GET /assets/exp/strftime-d55e5c49a27ef3ba12b9cd3e3578a042.js] fresh
cache: [GET /assets/exp/reset-a60172f6c920af972ab1504526af1791.css] fresh
cache: [GET /assets/functions-cc9d172acd6ac941f0f3a57ae8a9d45b.js] fresh
cache: [GET /assets/exp/jquery-118244a8f93225c4cd424727dd61992b.timeago] fresh
cache: [GET /tech] miss
cache: [GET /tech] miss
cache: [GET /assets/exp/reset-a60172f6c920af972ab1504526af1791.css] fresh
cache: [GET /assets/functions-cc9d172acd6ac941f0f3a57ae8a9d45b.js] fresh
cache: [GET /assets/exp/strftime-d55e5c49a27ef3ba12b9cd3e3578a042.js] fresh
cache: [GET /] miss
cache: [GET /assets/exp/popup-afe7b8c69572ad7c3ee1d57c8bf2c8e0.css] fresh
cache: [GET /assets/jquery_new-4af59b8fdbe25ff5f3068b7d94f18d92.js] fresh
cache: [GET /assets/exp/jquery-118244a8f93225c4cd424727dd61992b.timeago] fresh
cache: [GET /] miss
cache: [GET /assets/exp/popup-afe7b8c69572ad7c3ee1d57c8bf2c8e0.css] fresh
cache: [GET /assets/jquery_new-4af59b8fdbe25ff5f3068b7d94f18d92.js] fresh
cache: [GET /assets/exp/jquery-118244a8f93225c4cd424727dd61992b.timeago] fresh
cache: [GET /] miss
cache: [GET /assets/exp/reset-a60172f6c920af972ab1504526af1791.css] fresh
cache: [GET /assets/exp/vpop-c283817e81a7c4edcd570995bb4881dc.js] fresh
cache: [GET /assets/exp/strftime-d55e5c49a27ef3ba12b9cd3e3578a042.js] fresh
cache: [GET /popup] miss
cache: [GET /assets/jquery_new-4af59b8fdbe25ff5f3068b7d94f18d92.js] fresh
cache: [GET /assets/exp/jquery-118244a8f93225c4cd424727dd61992b.timeago] fresh
cache: [GET /assets/exp/faye-browser-min-648dbd2fb1a5dcbf6d4f4725579c450c.js] fresh
cache: [GET /] miss
cache: [GET /assets/functions-cc9d172acd6ac941f0f3a57ae8a9d45b.js] fresh
cache: [GET /tech] miss
cache: [GET /popup] miss
cache: [GET /assets/jquery_new-4af59b8fdbe25ff5f3068b7d94f18d92.js] fresh
cache: [GET /assets/exp/jquery-118244a8f93225c4cd424727dd61992b.timeago] fresh
cache: [GET /assets/exp/faye-browser-min-648dbd2fb1a5dcbf6d4f4725579c450c.js] fresh
cache: [GET /popup] miss
cache: [GET /] miss
cache: [GET /assets/jquery_new-4af59b8fdbe25ff5f3068b7d94f18d92.js] fresh
cache: [GET /assets/exp/jquery-118244a8f93225c4cd424727dd61992b.timeago] fresh
cache: [GET /assets/exp/jquery-3d275122bdf5344e32f7e866346b184d.tooltip] fresh
cache: [GET /] miss
cache: [GET /assets/exp/popup-afe7b8c69572ad7c3ee1d57c8bf2c8e0.css] fresh
cache: [GET /assets/exp/vpop-c283817e81a7c4edcd570995bb4881dc.js] fresh
cache: [GET /assets/exp/strftime-d55e5c49a27ef3ba12b9cd3e3578a042.js] fresh
cache: [GET /] miss
cache: [GET /assets/exp/popup-afe7b8c69572ad7c3ee1d57c8bf2c8e0.css] fresh
cache: [GET /assets/exp/jquery-118244a8f93225c4cd424727dd61992b.timeago] fresh
cache: [GET /assets/exp/strftime-d55e5c49a27ef3ba12b9cd3e3578a042.js] fresh
cache: [GET /tech] miss
cache: [GET /popup] miss
cache: [GET /assets/jquery_new-4af59b8fdbe25ff5f3068b7d94f18d92.js] fresh
cache: [GET /assets/exp/jquery-118244a8f93225c4cd424727dd61992b.timeago] fresh
cache: [GET /assets/exp/faye-browser-min-648dbd2fb1a5dcbf6d4f4725579c450c.js] fresh
cache: [GET /assets/exp/reset-a60172f6c920af972ab1504526af1791.css] fresh
cache: [GET /assets/jquery_new-4af59b8fdbe25ff5f3068b7d94f18d92.js] fresh
cache: [GET /assets/exp/jquery-118244a8f93225c4cd424727dd61992b.timeago] fresh
cache: [GET /popup] miss
cache: [GET /assets/exp/vpop-c283817e81a7c4edcd570995bb4881dc.js] fresh
cache: [GET /assets/exp/jquery-3d275122bdf5344e32f7e866346b184d.tooltip] fresh
cache: [GET /popup] miss
cache: [GET /assets/jquery_new-4af59b8fdbe25ff5f3068b7d94f18d92.js] fresh
cache: [GET /assets/exp/jquery-118244a8f93225c4cd424727dd61992b.timeago] fresh
cache: [GET /assets/exp/jquery-3d275122bdf5344e32f7e866346b184d.tooltip] fresh
cache: [GET /popup] miss
cache: [GET /assets/functions-cc9d172acd6ac941f0f3a57ae8a9d45b.js] fresh
cache: [GET /assets/exp/jquery-118244a8f93225c4cd424727dd61992b.timeago] fresh
cache: [GET /assets/exp/faye-browser-min-648dbd2fb1a5dcbf6d4f4725579c450c.js] fresh
cache: [GET /] miss
cache: [GET /assets/exp/reset-a60172f6c920af972ab1504526af1791.css] fresh
cache: [GET /assets/exp/vpop-c283817e81a7c4edcd570995bb4881dc.js] fresh
cache: [GET /assets/exp/strftime-d55e5c49a27ef3ba12b9cd3e3578a042.js] fresh
cache: [GET /popup] miss
cache: [GET /assets/jquery_new-4af59b8fdbe25ff5f3068b7d94f18d92.js] fresh
cache: [GET /assets/exp/vpop-c283817e81a7c4edcd570995bb4881dc.js] fresh
cache: [GET /assets/exp/faye-browser-min-648dbd2fb1a5dcbf6d4f4725579c450c.js] fresh
cache: [GET /assets/exp/reset-a60172f6c920af972ab1504526af1791.css] fresh
cache: [GET /assets/functions-cc9d172acd6ac941f0f3a57ae8a9d45b.js] fresh
cache: [GET /assets/exp/jquery-3d275122bdf5344e32f7e866346b184d.tooltip] fresh
cache: [GET /] miss
cache: [GET /] miss
cache: [GET /popup] miss
cache: [GET /assets/jquery_new-4af59b8fdbe25ff5f3068b7d94f18d92.js] fresh
cache: [GET /assets/exp/jquery-118244a8f93225c4cd424727dd61992b.timeago] fresh
cache: [GET /assets/exp/faye-browser-min-648dbd2fb1a5dcbf6d4f4725579c450c.js] fresh
cache: [GET /] miss
cache: [GET /popup] miss
cache: [GET /assets/jquery_new-4af59b8fdbe25ff5f3068b7d94f18d92.js] fresh
cache: [GET /assets/exp/jquery-118244a8f93225c4cd424727dd61992b.timeago] fresh
cache: [GET /assets/exp/faye-browser-min-648dbd2fb1a5dcbf6d4f4725579c450c.js] fresh
cache: [GET /assets/exp/reset-a60172f6c920af972ab1504526af1791.css] fresh
cache: [GET /assets/jquery_new-4af59b8fdbe25ff5f3068b7d94f18d92.js] fresh
cache: [GET /assets/exp/jquery-118244a8f93225c4cd424727dd61992b.timeago] fresh
cache: [GET /] miss
cache: [GET /assets/exp/popup-afe7b8c69572ad7c3ee1d57c8bf2c8e0.css] fresh
cache: [GET /assets/exp/jquery-118244a8f93225c4cd424727dd61992b.timeago] fresh
cache: [GET /assets/exp/strftime-d55e5c49a27ef3ba12b9cd3e3578a042.js] fresh
cache: [GET /admin/post] miss
cache: [GET /] miss
cache: [GET /assets/exp/popup-afe7b8c69572ad7c3ee1d57c8bf2c8e0.css] fresh
cache: [GET /assets/exp/vpop-c283817e81a7c4edcd570995bb4881dc.js] fresh
cache: [GET /assets/exp/strftime-d55e5c49a27ef3ba12b9cd3e3578a042.js] fresh
cache: [GET /popup] miss
cache: [GET /assets/functions-cc9d172acd6ac941f0f3a57ae8a9d45b.js] fresh
cache: [GET /assets/exp/vpop-c283817e81a7c4edcd570995bb4881dc.js] fresh
cache: [GET /assets/exp/faye-browser-min-648dbd2fb1a5dcbf6d4f4725579c450c.js] fresh
cache: [HEAD /] miss
cache: [GET /assets/exp/reset-a60172f6c920af972ab1504526af1791.css] fresh
cache: [GET /assets/functions-cc9d172acd6ac941f0f3a57ae8a9d45b.js] fresh
cache: [GET /assets/exp/jquery-3d275122bdf5344e32f7e866346b184d.tooltip] fresh
cache: [GET /] miss
cache: [GET /assets/exp/reset-a60172f6c920af972ab1504526af1791.css] fresh
cache: [GET /assets/functions-cc9d172acd6ac941f0f3a57ae8a9d45b.js] fresh
cache: [GET /assets/exp/jquery-3d275122bdf5344e32f7e866346b184d.tooltip] fresh
cache: [GET /] miss
cache: [GET /popup] miss
cache: [GET /assets/jquery_new-4af59b8fdbe25ff5f3068b7d94f18d92.js] fresh
cache: [GET /assets/exp/jquery-118244a8f93225c4cd424727dd61992b.timeago] fresh
cache: [GET /assets/exp/faye-browser-min-648dbd2fb1a5dcbf6d4f4725579c450c.js] fresh
cache: [GET /assets/exp/reset-a60172f6c920af972ab1504526af1791.css] fresh
cache: [GET /assets/exp/strftime-d55e5c49a27ef3ba12b9cd3e3578a042.js] fresh
cache: [GET /assets/jquery_new-4af59b8fdbe25ff5f3068b7d94f18d92.js] fresh
cache: [GET /popup] miss
cache: [GET /popup] miss
cache: [GET /] miss
cache: [GET /assets/exp/popup-afe7b8c69572ad7c3ee1d57c8bf2c8e0.css] fresh
cache: [GET /assets/exp/vpop-c283817e81a7c4edcd570995bb4881dc.js] fresh
cache: [GET /popup] miss
cache: [GET /assets/jquery_new-4af59b8fdbe25ff5f3068b7d94f18d92.js] fresh
cache: [GET /assets/exp/jquery-118244a8f93225c4cd424727dd61992b.timeago] fresh
cache: [GET /assets/exp/faye-browser-min-648dbd2fb1a5dcbf6d4f4725579c450c.js] fresh
cache: [POST /admin/post] invalidate, pass
cache: [GET /popup] miss
cache: [GET /assets/jquery_new-4af59b8fdbe25ff5f3068b7d94f18d92.js] fresh
cache: [GET /assets/exp/jquery-118244a8f93225c4cd424727dd61992b.timeago] fresh
cache: [GET /assets/exp/faye-browser-min-648dbd2fb1a5dcbf6d4f4725579c450c.js] fresh
cache: [GET /assets/exp/popup-afe7b8c69572ad7c3ee1d57c8bf2c8e0.css] fresh
cache: [GET /assets/exp/vpop-c283817e81a7c4edcd570995bb4881dc.js] fresh
cache: [GET /assets/exp/strftime-d55e5c49a27ef3ba12b9cd3e3578a042.js] fresh
cache: [GET /assets/exp/reset-a60172f6c920af972ab1504526af1791.css] fresh
cache: [GET /assets/functions-cc9d172acd6ac941f0f3a57ae8a9d45b.js] fresh
cache: [GET /assets/exp/jquery-3d275122bdf5344e32f7e866346b184d.tooltip] fresh
cache: [GET /] miss
cache: [GET /assets/jquery_new-4af59b8fdbe25ff5f3068b7d94f18d92.js] fresh
cache: [GET /assets/exp/vpop-c283817e81a7c4edcd570995bb4881dc.js] fresh
cache: [GET /assets/exp/strftime-d55e5c49a27ef3ba12b9cd3e3578a042.js] fresh
cache: [GET /assets/exp/popup-afe7b8c69572ad7c3ee1d57c8bf2c8e0.css] fresh
cache: [GET /assets/exp/strftime-d55e5c49a27ef3ba12b9cd3e3578a042.js] fresh
cache: [GET /popup] miss
cache: [GET /assets/jquery_new-4af59b8fdbe25ff5f3068b7d94f18d92.js] fresh
cache: [GET /assets/exp/vpop-c283817e81a7c4edcd570995bb4881dc.js] fresh
cache: [GET /assets/exp/faye-browser-min-648dbd2fb1a5dcbf6d4f4725579c450c.js] fresh
cache: [GET /popup] miss
cache: [GET /popup] miss
cache: [GET /assets/functions-cc9d172acd6ac941f0f3a57ae8a9d45b.js] fresh
cache: [GET /assets/exp/strftime-d55e5c49a27ef3ba12b9cd3e3578a042.js] fresh
cache: [GET /assets/exp/jquery-118244a8f93225c4cd424727dd61992b.timeago] fresh
cache: [GET /assets/exp/reset-a60172f6c920af972ab1504526af1791.css] fresh
cache: [GET /assets/functions-cc9d172acd6ac941f0f3a57ae8a9d45b.js] fresh
cache: [GET /assets/exp/jquery-3d275122bdf5344e32f7e866346b184d.tooltip] fresh
cache: [GET /] miss
cache: [GET /assets/exp/reset-a60172f6c920af972ab1504526af1791.css] fresh
cache: [GET /assets/functions-cc9d172acd6ac941f0f3a57ae8a9d45b.js] fresh
cache: [GET /assets/exp/jquery-3d275122bdf5344e32f7e866346b184d.tooltip] fresh
cache: [GET /] miss
cache: [GET /assets/exp/popup-afe7b8c69572ad7c3ee1d57c8bf2c8e0.css] fresh
cache: [GET /assets/exp/vpop-c283817e81a7c4edcd570995bb4881dc.js] fresh
cache: [GET /assets/exp/jquery-3d275122bdf5344e32f7e866346b184d.tooltip] fresh
cache: [GET /popup] miss
cache: [GET /] miss
cache: [GET /popup] miss
cache: [GET /assets/exp/reset-a60172f6c920af972ab1504526af1791.css] fresh
cache: [GET /assets/jquery_new-4af59b8fdbe25ff5f3068b7d94f18d92.js] fresh
cache: [GET /assets/exp/jquery-3d275122bdf5344e32f7e866346b184d.tooltip] fresh
cache: [GET /admin] miss
cache: [GET /assets/exp/reset-a60172f6c920af972ab1504526af1791.css] fresh
cache: [GET /assets/functions-cc9d172acd6ac941f0f3a57ae8a9d45b.js] fresh
cache: [GET /assets/exp/jquery-3d275122bdf5344e32f7e866346b184d.tooltip] fresh
cache: [GET /] miss
cache: [GET /popup] miss
cache: [GET /assets/jquery_new-4af59b8fdbe25ff5f3068b7d94f18d92.js] fresh
cache: [GET /assets/exp/jquery-118244a8f93225c4cd424727dd61992b.timeago] fresh
cache: [GET /assets/exp/faye-browser-min-648dbd2fb1a5dcbf6d4f4725579c450c.js] fresh
